[2026-03-24T11:03:58.269Z] GET http://localhost:3000/ → 200 (493ms, ?B)
[2026-03-24T11:03:58.773Z] GET http://localhost:3000/_next/static/media/36966cca54120369-s.p.woff2 → 200 (17ms, 22320B)
[2026-03-24T11:03:58.779Z] GET http://localhost:3000/_next/static/css/app/layout.css?v=1774350238281 → 200 (7ms, 183575B)
[2026-03-24T11:03:58.779Z] GET http://localhost:3000/logos/Redefine%20Me%20logo%20wno%20bg.png → 200 (20ms, 86770B)
[2026-03-24T11:03:58.779Z] GET https://dgzzf6k1ibya0.cloudfront.net/profile-pictures/manchestermedicsnetball.jpg → 200 (181ms, 6706B)
[2026-03-24T11:03:58.780Z] GET https://dgzzf6k1ibya0.cloudfront.net/profile-pictures/nasocuom.jpg → 200 (146ms, 8700B)
[2026-03-24T11:03:58.780Z] GET https://dgzzf6k1ibya0.cloudfront.net/profile-pictures/eurosocmcr.jpg → 200 (179ms, 8462B)
[2026-03-24T11:03:58.780Z] GET https://dgzzf6k1ibya0.cloudfront.net/profile-pictures/manchesterasiansociety.jpg → 200 (122ms, 8288B)
[2026-03-24T11:03:58.780Z] GET https://dgzzf6k1ibya0.cloudfront.net/profile-pictures/swingdancemcr.jpg → 200 (179ms, 7330B)
[2026-03-24T11:03:58.780Z] GET https://dgzzf6k1ibya0.cloudfront.net/profile-pictures/uomsemsoc.jpg → 200 (179ms, 7083B)
[2026-03-24T11:03:58.780Z] GET https://dgzzf6k1ibya0.cloudfront.net/profile-pictures/spanishsocietyuom.jpg → 200 (191ms, 4333B)
[2026-03-24T11:03:58.780Z] GET https://dgzzf6k1ibya0.cloudfront.net/profile-pictures/uompathsoc.jpg → 200 (253ms, 3170B)
[2026-03-24T11:03:58.780Z] GET https://dgzzf6k1ibya0.cloudfront.net/profile-pictures/moss_uom.jpg → 200 (252ms, 4374B)
[2026-03-24T11:03:58.781Z] GET http://localhost:3000/_next/static/chunks/webpack.js?v=1774350238281 → 200 (124ms, 141116B)
[2026-03-24T11:03:58.781Z] GET http://localhost:3000/_next/static/chunks/main-app.js?v=1774350238281 → 200 (734ms, ?B)
[2026-03-24T11:03:58.781Z] GET http://localhost:3000/_next/static/chunks/app-pages-internals.js → 200 (127ms, 227902B)
[2026-03-24T11:03:58.781Z] GET http://localhost:3000/_next/static/chunks/app/not-found.js → 200 (130ms, 157185B)
[2026-03-24T11:03:58.781Z] GET http://localhost:3000/_next/static/chunks/app/(landing)/page.js → 200 (339ms, 8201777B)
[2026-03-24T11:03:58.781Z] GET https://dgzzf6k1ibya0.cloudfront.net/profile-pictures/manchester_nexus.jpg → 200 (252ms, 3988B)
[2026-03-24T11:03:58.901Z] GET http://localhost:3000/logos/rm-dot-logo.png → 200 (17ms, 1313232B)
[2026-03-24T11:03:58.901Z] GET http://localhost:3000/logos/rm-no-dot-logo.png → 200 (17ms, 2139813B)
[2026-03-24T11:04:00.541Z] GET https://prod.spline.design/kZDDjO5HuC9GJUM2/scene.splinecode → pending (?ms, ?B)
[2026-03-24T11:04:01.164Z] GET http://localhost:3000/_next/static/chunks/_app-pages-browser_node_modules_splinetool_runtime_build_process_js.js → 200 (174ms, ?B)
[2026-03-24T11:04:01.164Z] GET https://unpkg.com/@splinetool/modelling-wasm@1.12.58/build/process.wasm → 200 (175ms, ?B)
[2026-03-24T11:04:01.943Z] GET blob:http://localhost:3000/c44953d9-2933-48e8-9032-39f540a9c1f1 → 200 (2ms, ?B)
[2026-03-24T11:04:01.943Z] GET blob:http://localhost:3000/cc839a86-07df-4874-80c5-b85359a1af66 → 200 (4ms, ?B)
[2026-03-24T11:04:01.943Z] GET blob:http://localhost:3000/002750c2-1b04-4e82-9ab9-fbe416006085 → 200 (4ms, ?B)
[2026-03-24T11:04:01.943Z] GET blob:http://localhost:3000/06d34ce1-19f5-4591-bcf0-a17fa0f15c4a → 200 (4ms, ?B)
[2026-03-24T11:04:11.158Z] GET http://localhost:3000/_next/static/media/b7387a63dd068245-s.woff2 → 200 (152ms, 18924B)
[2026-03-24T11:05:11.891Z] GET http://localhost:3000/discover → pending (?ms, ?B)
[2026-03-24T11:05:14.199Z] GET http://localhost:3000/__nextjs_font/geist-latin.woff2 → 200 (271ms, ?B)
[2026-03-24T11:05:14.759Z] GET http://localhost:3000/_next/static/webpack/0aff95a0ab4d9c11.webpack.hot-update.json → pending (?ms, ?B)
[2026-03-24T11:05:15.184Z] GET http://localhost:3000/_next/static/webpack/webpack.0aff95a0ab4d9c11.hot-update.js → 200 (175ms, ?B)
[2026-03-24T11:05:15.806Z] GET http://localhost:3000/_next/static/media/36966cca54120369-s.p.woff2 → 200 (2ms, ?B)
[2026-03-24T11:05:15.808Z] GET http://localhost:3000/_next/static/css/app/layout.css?v=1774350314767 → 200 (1ms, 183575B)
[2026-03-24T11:05:15.808Z] GET https://dgzzf6k1ibya0.cloudfront.net/profile-pictures/manchesteroutreachmedics.jpg → 200 (41ms, 6921B)
[2026-03-24T11:05:15.808Z] GET https://dgzzf6k1ibya0.cloudfront.net/profile-pictures/idsuom.jpg → 200 (115ms, 24453B)
[2026-03-24T11:05:15.808Z] GET https://dgzzf6k1ibya0.cloudfront.net/profile-pictures/fieradanceuk.jpg → 200 (42ms, 5622B)
[2026-03-24T11:05:15.808Z] GET https://dgzzf6k1ibya0.cloudfront.net/profile-pictures/uomcommutersoc.jpg → 200 (125ms, 8141B)
[2026-03-24T11:05:15.808Z] GET https://dgzzf6k1ibya0.cloudfront.net/profile-pictures/bakingsociety_uom.jpg → 200 (42ms, 31853B)
[2026-03-24T11:05:15.808Z] GET https://dgzzf6k1ibya0.cloudfront.net/profile-pictures/uomgolf.jpg → 200 (114ms, 8966B)
[2026-03-24T11:05:15.808Z] GET http://localhost:3000/_next/static/chunks/webpack.js?v=1774350314767 → 200 (109ms, 141116B)
[2026-03-24T11:05:15.808Z] GET http://localhost:3000/_next/static/chunks/main-app.js?v=1774350314767 → 200 (520ms, ?B)
[2026-03-24T11:05:15.808Z] GET http://localhost:3000/_next/static/chunks/app-pages-internals.js → 200 (110ms, 227902B)
[2026-03-24T11:05:15.808Z] GET http://localhost:3000/_next/static/chunks/app/(app)/layout.js → 200 (111ms, 883836B)
[2026-03-24T11:05:15.808Z] GET http://localhost:3000/_next/static/chunks/app/(app)/discover/page.js → 200 (114ms, 864335B)
[2026-03-24T11:05:15.832Z] GET http://localhost:3000/_next/static/media/b7387a63dd068245-s.woff2 → 200 (?ms, ?B)
[2026-03-24T11:05:15.912Z] GET http://localhost:3000/logos/rm-dot-logo.png → 304 (37ms, ?B)
[2026-03-24T11:05:15.912Z] GET http://localhost:3000/logos/rm-no-dot-logo.png → 304 (37ms, ?B)
[2026-03-24T11:05:15.912Z] GET http://localhost:3000/_next/image?url=https%3A%2F%2Fdgzzf6k1ibya0.cloudfront.net%2Fposts%2FDWENl6mDC_E%2F0.jpg&w=640&q=75 → 200 (731ms, ?B)
[2026-03-24T11:05:15.912Z] GET http://localhost:3000/_next/image?url=https%3A%2F%2Fdgzzf6k1ibya0.cloudfront.net%2Fposts%2FDWBR2vdjN_x%2F0.jpg&w=640&q=75 → 200 (733ms, ?B)
[2026-03-24T11:05:15.912Z] GET http://localhost:3000/_next/image?url=https%3A%2F%2Fdgzzf6k1ibya0.cloudfront.net%2Fposts%2FDWFQQwhDA48%2F0.jpg&w=640&q=75 → 200 (732ms, ?B)
[2026-03-24T11:05:15.913Z] GET http://localhost:3000/_next/image?url=https%3A%2F%2Fdgzzf6k1ibya0.cloudfront.net%2Fposts%2FDWAGbpLiOGb%2F0.jpg&w=640&q=75 → 200 (732ms, ?B)
[2026-03-24T11:05:15.913Z] GET http://localhost:3000/_next/image?url=https%3A%2F%2Fdgzzf6k1ibya0.cloudfront.net%2Fposts%2FDWGoM6nDO7Z%2F0.jpg&w=640&q=75 → 200 (732ms, ?B)
[2026-03-24T11:05:15.913Z] GET http://localhost:3000/_next/image?url=https%3A%2F%2Fdgzzf6k1ibya0.cloudfront.net%2Fposts%2FDVdeYXVCK9C%2F0.jpg&w=640&q=75 → pending (?ms, ?B)
[2026-03-24T11:05:17.244Z] GET http://localhost:3000/__nextjs_font/geist-latin.woff2 → 200 (?ms, ?B)
[2026-03-24T11:05:29.693Z] GET http://localhost:3000/_next/image?url=https%3A%2F%2Fdgzzf6k1ibya0.cloudfront.net%2Fposts%2FDWENl6mDC_E%2F0.jpg&w=828&q=75 → pending (?ms, ?B)
[2026-03-24T11:05:29.693Z] GET http://localhost:3000/_next/image?url=https%3A%2F%2Fdgzzf6k1ibya0.cloudfront.net%2Fposts%2FDWBR2vdjN_x%2F0.jpg&w=828&q=75 → pending (?ms, ?B)
[2026-03-24T11:05:29.693Z] GET http://localhost:3000/_next/image?url=https%3A%2F%2Fdgzzf6k1ibya0.cloudfront.net%2Fposts%2FDWGoM6nDO7Z%2F0.jpg&w=828&q=75 → pending (?ms, ?B)
[2026-03-24T11:05:29.693Z] GET http://localhost:3000/_next/image?url=https%3A%2F%2Fdgzzf6k1ibya0.cloudfront.net%2Fposts%2FDVdeYXVCK9C%2F0.jpg&w=828&q=75 → pending (?ms, ?B)
[2026-03-24T11:05:29.693Z] GET http://localhost:3000/_next/image?url=https%3A%2F%2Fdgzzf6k1ibya0.cloudfront.net%2Fposts%2FDWAGbpLiOGb%2F0.jpg&w=828&q=75 → pending (?ms, ?B)
[2026-03-24T11:05:29.693Z] GET http://localhost:3000/_next/image?url=https%3A%2F%2Fdgzzf6k1ibya0.cloudfront.net%2Fposts%2FDWFQQwhDA48%2F0.jpg&w=828&q=75 → pending (?ms, ?B)
[2026-03-24T11:05:48.676Z] GET http://localhost:3000/about → pending (?ms, ?B)
[2026-03-24T11:05:50.461Z] GET http://localhost:3000/_next/static/webpack/08f0940bb4282de4.webpack.hot-update.json → pending (?ms, ?B)
[2026-03-24T11:05:50.840Z] GET http://localhost:3000/_next/static/webpack/webpack.08f0940bb4282de4.hot-update.js → 200 (16ms, ?B)
[2026-03-24T11:05:52.198Z] GET http://localhost:3000/_next/static/media/36966cca54120369-s.p.woff2 → 200 (?ms, ?B)
[2026-03-24T11:05:52.198Z] GET http://localhost:3000/_next/static/css/app/layout.css?v=1774350350623 → 200 (8ms, 183575B)
[2026-03-24T11:05:52.198Z] GET http://localhost:3000/_next/static/chunks/webpack.js?v=1774350350623 → 200 (25ms, 141116B)
[2026-03-24T11:05:52.198Z] GET http://localhost:3000/_next/static/chunks/main-app.js?v=1774350350623 → pending (?ms, ?B)
[2026-03-24T11:05:52.198Z] GET http://localhost:3000/_next/static/chunks/app-pages-internals.js → 200 (99ms, 227902B)
[2026-03-24T11:05:52.198Z] GET http://localhost:3000/_next/static/chunks/app/(app)/about/page.js → 200 (41ms, 157192B)
[2026-03-24T11:05:52.198Z] GET http://localhost:3000/_next/static/chunks/app/(app)/layout.js → 200 (114ms, 883836B)
[2026-03-24T11:05:52.249Z] GET http://localhost:3000/_next/static/media/b7387a63dd068245-s.woff2 → 200 (?ms, ?B)
[2026-03-24T11:05:52.286Z] GET http://localhost:3000/logos/rm-dot-logo.png → 304 (18ms, ?B)
[2026-03-24T11:05:52.286Z] GET http://localhost:3000/logos/rm-no-dot-logo.png → 304 (18ms, ?B)
[2026-03-24T11:05:54.334Z] GET http://localhost:3000/__nextjs_font/geist-latin.woff2 → 200 (?ms, ?B)
[2026-03-24T11:06:06.576Z] GET http://localhost:3000/all-events → pending (?ms, ?B)
[2026-03-24T11:06:09.005Z] GET http://localhost:3000/_next/static/webpack/fa109834ab05ed11.webpack.hot-update.json → 200 (370ms, ?B)
[2026-03-24T11:06:09.383Z] GET http://localhost:3000/_next/static/webpack/webpack.fa109834ab05ed11.hot-update.js → 200 (14ms, ?B)
[2026-03-24T11:06:09.962Z] GET http://localhost:3000/_next/static/media/36966cca54120369-s.p.woff2 → 200 (?ms, ?B)
[2026-03-24T11:06:09.963Z] GET http://localhost:3000/_next/static/css/app/layout.css?v=1774350369128 → 200 (4ms, 183575B)
[2026-03-24T11:06:09.963Z] GET http://localhost:3000/_next/static/chunks/webpack.js?v=1774350369128 → 200 (13ms, 141116B)
[2026-03-24T11:06:09.963Z] GET http://localhost:3000/_next/static/chunks/main-app.js?v=1774350369128 → 200 (799ms, ?B)
[2026-03-24T11:06:09.964Z] GET http://localhost:3000/_next/static/chunks/app-pages-internals.js → 200 (117ms, 227902B)
[2026-03-24T11:06:09.964Z] GET http://localhost:3000/_next/static/chunks/app/(app)/layout.js → 200 (132ms, 883836B)
[2026-03-24T11:06:09.964Z] GET http://localhost:3000/_next/static/chunks/app/(app)/all-events/page.js → 200 (124ms, 845972B)
[2026-03-24T11:06:10.070Z] GET http://localhost:3000/_next/static/media/b7387a63dd068245-s.woff2 → 200 (1ms, ?B)
[2026-03-24T11:06:10.071Z] GET http://localhost:3000/logos/rm-dot-logo.png → 304 (9ms, ?B)
[2026-03-24T11:06:10.071Z] GET http://localhost:3000/logos/rm-no-dot-logo.png → 304 (62ms, ?B)
[2026-03-24T11:06:10.071Z] GET http://localhost:3000/_next/image?url=https%3A%2F%2Fdgzzf6k1ibya0.cloudfront.net%2Fposts%2FDWENl6mDC_E%2F0.jpg&w=640&q=75 → 304 (62ms, ?B)
[2026-03-24T11:06:10.073Z] GET http://localhost:3000/_next/image?url=https%3A%2F%2Fdgzzf6k1ibya0.cloudfront.net%2Fposts%2FDWBR2vdjN_x%2F0.jpg&w=640&q=75 → 304 (60ms, ?B)
[2026-03-24T11:06:10.073Z] GET http://localhost:3000/_next/image?url=https%3A%2F%2Fdgzzf6k1ibya0.cloudfront.net%2Fposts%2FDWFQQwhDA48%2F0.jpg&w=640&q=75 → 304 (61ms, ?B)
[2026-03-24T11:06:10.073Z] GET http://localhost:3000/_next/image?url=https%3A%2F%2Fdgzzf6k1ibya0.cloudfront.net%2Fposts%2FDWAGbpLiOGb%2F0.jpg&w=640&q=75 → 304 (61ms, ?B)
[2026-03-24T11:06:10.073Z] GET http://localhost:3000/_next/image?url=https%3A%2F%2Fdgzzf6k1ibya0.cloudfront.net%2Fposts%2FDWGoM6nDO7Z%2F0.jpg&w=640&q=75 → 304 (76ms, ?B)
[2026-03-24T11:06:10.073Z] GET http://localhost:3000/_next/image?url=https%3A%2F%2Fdgzzf6k1ibya0.cloudfront.net%2Fposts%2FDVdeYXVCK9C%2F0.jpg&w=640&q=75 → 200 (76ms, 38268B)
[2026-03-24T11:06:10.073Z] GET http://localhost:3000/_next/image?url=https%3A%2F%2Fdgzzf6k1ibya0.cloudfront.net%2Fposts%2FDVgXKGTl9bQ%2F0.jpg&w=640&q=75 → 200 (630ms, 80752B)
[2026-03-24T11:06:10.073Z] GET http://localhost:3000/_next/image?url=https%3A%2F%2Fdgzzf6k1ibya0.cloudfront.net%2Fposts%2FDVwM3IEjPDd%2F0.jpg&w=640&q=75 → 200 (522ms, 46676B)
[2026-03-24T11:06:10.073Z] GET http://localhost:3000/_next/image?url=https%3A%2F%2Fdgzzf6k1ibya0.cloudfront.net%2Fposts%2FDWMiztjjVL_%2F0.jpg&w=640&q=75 → 200 (663ms, 56530B)
[2026-03-24T11:06:10.073Z] GET http://localhost:3000/_next/image?url=https%3A%2F%2Fdgzzf6k1ibya0.cloudfront.net%2Fposts%2FDWG5ojUDYZM%2F0.jpg&w=640&q=75 → 200 (524ms, 33754B)
[2026-03-24T11:06:10.073Z] GET http://localhost:3000/_next/image?url=https%3A%2F%2Fdgzzf6k1ibya0.cloudfront.net%2Fposts%2FDWEQkJpiJGP%2F0.jpg&w=640&q=75 → 200 (639ms, 56826B)
[2026-03-24T11:06:10.073Z] GET http://localhost:3000/_next/image?url=https%3A%2F%2Fdgzzf6k1ibya0.cloudfront.net%2Fposts%2FDWJS2lfiAEe%2F0.jpg&w=640&q=75 → pending (?ms, ?B)
[2026-03-24T11:06:10.073Z] GET http://localhost:3000/_next/image?url=https%3A%2F%2Fdgzzf6k1ibya0.cloudfront.net%2Fposts%2FDV6bCl1CNJ7%2F0.jpg&w=640&q=75 → pending (?ms, ?B)
[2026-03-24T11:06:10.073Z] GET http://localhost:3000/_next/image?url=https%3A%2F%2Fdgzzf6k1ibya0.cloudfront.net%2Fposts%2FDWHBg0BjDDu%2F0.jpg&w=640&q=75 → pending (?ms, ?B)
[2026-03-24T11:06:10.073Z] GET http://localhost:3000/_next/image?url=https%3A%2F%2Fdgzzf6k1ibya0.cloudfront.net%2Fposts%2FDWMppQnjd8k%2F0.jpg&w=640&q=75 → pending (?ms, ?B)
[2026-03-24T11:06:10.073Z] GET http://localhost:3000/_next/image?url=https%3A%2F%2Fdgzzf6k1ibya0.cloudfront.net%2Fposts%2FDWJN633iFxe%2F0.jpg&w=640&q=75 → pending (?ms, ?B)
[2026-03-24T11:06:10.073Z] GET http://localhost:3000/_next/image?url=https%3A%2F%2Fdgzzf6k1ibya0.cloudfront.net%2Fposts%2FDWJY4IqDckr%2F0.jpg&w=640&q=75 → pending (?ms, ?B)
[2026-03-24T11:06:10.073Z] GET http://localhost:3000/_next/image?url=https%3A%2F%2Fdgzzf6k1ibya0.cloudfront.net%2Fposts%2FDVx6eK5DJ4t%2F0.jpg&w=640&q=75 → pending (?ms, ?B)
[2026-03-24T11:06:10.074Z] GET http://localhost:3000/_next/image?url=https%3A%2F%2Fdgzzf6k1ibya0.cloudfront.net%2Fposts%2FDWMFZMEDdad%2F0.jpg&w=640&q=75 → pending (?ms, ?B)
[2026-03-24T11:06:10.074Z] GET http://localhost:3000/_next/image?url=https%3A%2F%2Fdgzzf6k1ibya0.cloudfront.net%2Fposts%2FDWCMjCQjUdp%2F0.jpg&w=640&q=75 → pending (?ms, ?B)
[2026-03-24T11:06:10.074Z] GET http://localhost:3000/_next/image?url=https%3A%2F%2Fdgzzf6k1ibya0.cloudfront.net%2Fposts%2FDWOLdmbjYKg%2F0.jpg&w=640&q=75 → pending (?ms, ?B)
[2026-03-24T11:06:12.264Z] GET http://localhost:3000/__nextjs_font/geist-latin.woff2 → 200 (?ms, ?B)
[2026-03-24T11:06:23.099Z] GET http://localhost:3000/discover → 200 (584ms, ?B)
[2026-03-24T11:06:23.790Z] GET http://localhost:3000/_next/static/media/36966cca54120369-s.p.woff2 → 200 (3ms, ?B)
[2026-03-24T11:06:23.794Z] GET http://localhost:3000/_next/static/css/app/layout.css?v=1774350383138 → 200 (2ms, ?B)
[2026-03-24T11:06:23.794Z] GET https://dgzzf6k1ibya0.cloudfront.net/profile-pictures/uomcommutersoc.jpg → 200 (9ms, ?B)
[2026-03-24T11:06:23.794Z] GET https://dgzzf6k1ibya0.cloudfront.net/profile-pictures/uomtango.jpg → pending (?ms, ?B)
[2026-03-24T11:06:23.794Z] GET https://dgzzf6k1ibya0.cloudfront.net/profile-pictures/uom_dinosoc.jpg → pending (?ms, ?B)
[2026-03-24T11:06:23.794Z] GET https://dgzzf6k1ibya0.cloudfront.net/profile-pictures/uom_rocksoc.jpg → pending (?ms, ?B)
[2026-03-24T11:06:23.794Z] GET https://dgzzf6k1ibya0.cloudfront.net/profile-pictures/manchesterfop.jpg → pending (?ms, ?B)
[2026-03-24T11:06:23.794Z] GET https://dgzzf6k1ibya0.cloudfront.net/profile-pictures/hieroglyphsuom.jpg → pending (?ms, ?B)
[2026-03-24T11:06:23.794Z] GET http://localhost:3000/_next/static/chunks/webpack.js?v=1774350383138 → pending (?ms, ?B)
[2026-03-24T11:06:23.794Z] GET http://localhost:3000/_next/static/chunks/main-app.js?v=1774350383138 → pending (?ms, ?B)
[2026-03-24T11:06:23.794Z] GET http://localhost:3000/_next/static/chunks/app-pages-internals.js → pending (?ms, ?B)
[2026-03-24T11:06:23.795Z] GET http://localhost:3000/_next/static/chunks/app/(app)/layout.js → pending (?ms, ?B)
[2026-03-24T11:06:23.795Z] GET http://localhost:3000/_next/static/chunks/app/(app)/discover/page.js → pending (?ms, ?B)
[2026-03-24T11:06:23.900Z] GET http://localhost:3000/_next/static/media/b7387a63dd068245-s.woff2 → 200 (?ms, ?B)
[2026-03-24T11:06:23.902Z] GET http://localhost:3000/logos/rm-dot-logo.png → 304 (12ms, ?B)
[2026-03-24T11:06:23.903Z] GET http://localhost:3000/logos/rm-no-dot-logo.png → 304 (17ms, ?B)
[2026-03-24T11:06:23.903Z] GET http://localhost:3000/_next/image?url=https%3A%2F%2Fdgzzf6k1ibya0.cloudfront.net%2Fposts%2FDWENl6mDC_E%2F0.jpg&w=640&q=75 → 304 (21ms, ?B)
[2026-03-24T11:06:23.903Z] GET http://localhost:3000/_next/image?url=https%3A%2F%2Fdgzzf6k1ibya0.cloudfront.net%2Fposts%2FDWBR2vdjN_x%2F0.jpg&w=640&q=75 → 304 (21ms, ?B)
[2026-03-24T11:06:23.903Z] GET http://localhost:3000/_next/image?url=https%3A%2F%2Fdgzzf6k1ibya0.cloudfront.net%2Fposts%2FDWFQQwhDA48%2F0.jpg&w=640&q=75 → 304 (21ms, ?B)
[2026-03-24T11:06:23.903Z] GET http://localhost:3000/_next/image?url=https%3A%2F%2Fdgzzf6k1ibya0.cloudfront.net%2Fposts%2FDWAGbpLiOGb%2F0.jpg&w=640&q=75 → 304 (22ms, ?B)
[2026-03-24T11:06:23.903Z] GET http://localhost:3000/_next/image?url=https%3A%2F%2Fdgzzf6k1ibya0.cloudfront.net%2Fposts%2FDWGoM6nDO7Z%2F0.jpg&w=640&q=75 → 304 (45ms, ?B)
[2026-03-24T11:06:23.903Z] GET http://localhost:3000/_next/image?url=https%3A%2F%2Fdgzzf6k1ibya0.cloudfront.net%2Fposts%2FDVdeYXVCK9C%2F0.jpg&w=640&q=75 → 304 (45ms, ?B)
[2026-03-24T11:06:25.930Z] GET http://localhost:3000/__nextjs_font/geist-latin.woff2 → 200 (?ms, ?B)
[2026-03-24T11:06:37.231Z] GET http://localhost:3000/discover?event=fundraising-creative-afternoon&_rsc=6gvqe → 200 (53ms, ?B)
[2026-03-24T11:06:37.905Z] GET https://dgzzf6k1ibya0.cloudfront.net/profile-pictures/UoMBOOKCLUBSOCIETY.jpg → 200 (184ms, 46580B)
[2026-03-24T11:06:37.905Z] GET https://dgzzf6k1ibya0.cloudfront.net/profile-pictures/eeesoc.jpg → 200 (198ms, 229977B)
[2026-03-24T11:06:37.961Z] GET https://dgzzf6k1ibya0.cloudfront.net/profile-pictures/uom_surf.jpg → 200 (236ms, 5844B)
[2026-03-24T11:06:37.961Z] GET https://dgzzf6k1ibya0.cloudfront.net/profile-pictures/physsocuom.jpg → 200 (127ms, 7583B)
[2026-03-24T11:06:37.961Z] GET https://dgzzf6k1ibya0.cloudfront.net/profile-pictures/eurosocmcr.jpg → 200 (9ms, 8462B)
[2026-03-24T11:06:37.999Z] GET http://localhost:3000/_next/image?url=https%3A%2F%2Fdgzzf6k1ibya0.cloudfront.net%2Fposts%2FDWENl6mDC_E%2F0.jpg&w=750&q=75 → 200 (602ms, 51156B)
[2026-03-24T11:07:08.205Z] GET http://localhost:3000/discover?_rsc=6gvqe → 200 (588ms, ?B)
[2026-03-24T11:07:09.559Z] GET https://dgzzf6k1ibya0.cloudfront.net/profile-pictures/uomdramasoc.jpg → 200 (76ms, 4788B)
[2026-03-24T11:07:09.559Z] GET https://dgzzf6k1ibya0.cloudfront.net/profile-pictures/hieroglyphsuom.jpg → 200 (5ms, 8640B)
[2026-03-24T11:07:09.559Z] GET https://dgzzf6k1ibya0.cloudfront.net/profile-pictures/uomarchery.jpg → 200 (88ms, 8567B)
[2026-03-24T11:07:09.562Z] GET https://dgzzf6k1ibya0.cloudfront.net/profile-pictures/manchestersikhsociety.jpg → 200 (67ms, 9386B)
[2026-03-24T11:07:09.562Z] GET https://dgzzf6k1ibya0.cloudfront.net/profile-pictures/hyperloopmanchester.jpg → 200 (74ms, 3204B)
[2026-03-24T11:07:18.870Z] GET http://localhost:3000/categories/social → pending (?ms, ?B)
[2026-03-24T11:07:22.018Z] GET http://localhost:3000/_next/static/webpack/deb536423ccf0a68.webpack.hot-update.json → 200 (300ms, ?B)
[2026-03-24T11:07:22.323Z] GET http://localhost:3000/_next/static/webpack/webpack.deb536423ccf0a68.hot-update.js → 200 (12ms, ?B)
[2026-03-24T11:07:24.124Z] GET http://localhost:3000/_next/static/media/36966cca54120369-s.p.woff2 → 200 (2ms, ?B)
[2026-03-24T11:07:24.127Z] GET http://localhost:3000/_next/static/css/app/layout.css?v=1774350443204 → 200 (8ms, 183575B)
[2026-03-24T11:07:24.127Z] GET http://localhost:3000/_next/static/chunks/webpack.js?v=1774350443204 → 200 (18ms, 141116B)
[2026-03-24T11:07:24.127Z] GET http://localhost:3000/_next/static/chunks/main-app.js?v=1774350443204 → pending (?ms, ?B)
[2026-03-24T11:07:24.127Z] GET http://localhost:3000/_next/static/chunks/app-pages-internals.js → 200 (124ms, 227902B)
[2026-03-24T11:07:24.127Z] GET http://localhost:3000/_next/static/chunks/app/(app)/layout.js → 200 (127ms, 883836B)
[2026-03-24T11:07:24.127Z] GET http://localhost:3000/_next/static/chunks/app/(app)/categories/%5BcategorySlug%5D/page.js → 200 (125ms, 726668B)
[2026-03-24T11:07:24.208Z] GET http://localhost:3000/_next/static/media/b7387a63dd068245-s.woff2 → 200 (?ms, ?B)
[2026-03-24T11:07:24.218Z] GET http://localhost:3000/logos/rm-dot-logo.png → 304 (29ms, ?B)
[2026-03-24T11:07:24.218Z] GET http://localhost:3000/logos/rm-no-dot-logo.png → 304 (36ms, ?B)
[2026-03-24T11:07:24.218Z] GET http://localhost:3000/_next/image?url=https%3A%2F%2Fdgzzf6k1ibya0.cloudfront.net%2Fposts%2FDWBR2vdjN_x%2F0.jpg&w=640&q=75 → 304 (38ms, ?B)
[2026-03-24T11:07:24.218Z] GET http://localhost:3000/_next/image?url=https%3A%2F%2Fimages.unsplash.com%2Fphoto-1521737604893-d14cc237f11d%3Fw%3D800&w=256&q=75 → 200 (212ms, 5746B)
[2026-03-24T11:07:24.218Z] GET http://localhost:3000/_next/image?url=https%3A%2F%2Fdgzzf6k1ibya0.cloudfront.net%2Fposts%2FDWMiztjjVL_%2F0.jpg&w=640&q=75 → 200 (40ms, 56530B)
[2026-03-24T11:07:24.222Z] GET http://localhost:3000/_next/image?url=https%3A%2F%2Fdgzzf6k1ibya0.cloudfront.net%2Fposts%2FDWEQkJpiJGP%2F0.jpg&w=640&q=75 → 200 (45ms, 56826B)
[2026-03-24T11:07:24.222Z] GET http://localhost:3000/_next/image?url=https%3A%2F%2Fdgzzf6k1ibya0.cloudfront.net%2Fposts%2FDWJY4IqDckr%2F0.jpg&w=640&q=75 → 200 (65ms, 30548B)
[2026-03-24T11:07:24.222Z] GET http://localhost:3000/_next/image?url=https%3A%2F%2Fdgzzf6k1ibya0.cloudfront.net%2Fposts%2FDVtqRyOjngX%2F0.jpg&w=640&q=75 → 200 (463ms, 51424B)
[2026-03-24T11:07:24.222Z] GET http://localhost:3000/_next/image?url=https%3A%2F%2Fdgzzf6k1ibya0.cloudfront.net%2Fposts%2FDWFJYOOiEih%2F0.jpg&w=640&q=75 → 200 (462ms, 22284B)
[2026-03-24T11:07:24.222Z] GET http://localhost:3000/_next/image?url=https%3A%2F%2Fdgzzf6k1ibya0.cloudfront.net%2Fposts%2FDWOYEP4DHrh%2F0.jpg&w=640&q=75 → 200 (517ms, 46958B)
[2026-03-24T11:07:24.222Z] GET http://localhost:3000/_next/image?url=https%3A%2F%2Fdgzzf6k1ibya0.cloudfront.net%2Fposts%2FDVyXmL6DLwu%2F0.jpg&w=640&q=75 → 200 (538ms, 39614B)
[2026-03-24T11:07:24.222Z] GET http://localhost:3000/_next/image?url=https%3A%2F%2Fdgzzf6k1ibya0.cloudfront.net%2Fposts%2FDWOa5Q3gmlg%2F0.jpg&w=640&q=75 → 200 (528ms, 24116B)
[2026-03-24T11:07:24.223Z] GET http://localhost:3000/_next/image?url=https%3A%2F%2Fdgzzf6k1ibya0.cloudfront.net%2Fposts%2FDWOyK_iEYma%2F0.jpg&w=640&q=75 → pending (?ms, ?B)
[2026-03-24T11:07:24.223Z] GET http://localhost:3000/_next/image?url=https%3A%2F%2Fdgzzf6k1ibya0.cloudfront.net%2Fposts%2FDV6kX9GjNbo%2F0.jpg&w=640&q=75 → pending (?ms, ?B)
[2026-03-24T11:07:24.223Z] GET http://localhost:3000/_next/image?url=https%3A%2F%2Fdgzzf6k1ibya0.cloudfront.net%2Fposts%2FDWOszKLjCY6%2F0.jpg&w=640&q=75 → pending (?ms, ?B)
[2026-03-24T11:07:24.223Z] GET http://localhost:3000/_next/image?url=https%3A%2F%2Fdgzzf6k1ibya0.cloudfront.net%2Fposts%2FDWEv42QAv5-%2F0.jpg&w=640&q=75 → pending (?ms, ?B)
[2026-03-24T11:07:24.223Z] GET http://localhost:3000/_next/image?url=https%3A%2F%2Fdgzzf6k1ibya0.cloudfront.net%2Fposts%2FDWOULfRjJhH%2F0.jpg&w=640&q=75 → pending (?ms, ?B)
[2026-03-24T11:07:24.223Z] GET http://localhost:3000/_next/image?url=https%3A%2F%2Fdgzzf6k1ibya0.cloudfront.net%2Fposts%2FDWM6MsPDBoe%2F0.jpg&w=640&q=75 → pending (?ms, ?B)
[2026-03-24T11:07:24.223Z] GET http://localhost:3000/_next/image?url=https%3A%2F%2Fdgzzf6k1ibya0.cloudfront.net%2Fposts%2FDWGi_R4iJr8%2F0.jpg&w=640&q=75 → pending (?ms, ?B)
[2026-03-24T11:07:24.223Z] GET http://localhost:3000/_next/image?url=https%3A%2F%2Fdgzzf6k1ibya0.cloudfront.net%2Fposts%2FDVgM4iVjD21%2F0.jpg&w=640&q=75 → pending (?ms, ?B)
[2026-03-24T11:07:24.223Z] GET http://localhost:3000/_next/image?url=https%3A%2F%2Fdgzzf6k1ibya0.cloudfront.net%2Fposts%2FDVzEJN-jPfY%2F0.jpg&w=640&q=75 → pending (?ms, ?B)
[2026-03-24T11:07:24.223Z] GET http://localhost:3000/_next/image?url=https%3A%2F%2Fdgzzf6k1ibya0.cloudfront.net%2Fposts%2FDVwDwlNDbd-%2F0.jpg&w=640&q=75 → pending (?ms, ?B)
[2026-03-24T11:07:24.223Z] GET http://localhost:3000/_next/image?url=https%3A%2F%2Fdgzzf6k1ibya0.cloudfront.net%2Fposts%2FDV0k-C3DH6M%2F0.jpg&w=640&q=75 → pending (?ms, ?B)
[2026-03-24T11:07:24.224Z] GET http://localhost:3000/_next/image?url=https%3A%2F%2Fdgzzf6k1ibya0.cloudfront.net%2Fposts%2FDVtdI0zjcSu%2F0.jpg&w=640&q=75 → pending (?ms, ?B)
[2026-03-24T11:07:24.224Z] GET http://localhost:3000/_next/image?url=https%3A%2F%2Fdgzzf6k1ibya0.cloudfront.net%2Fposts%2FDV_q5mVCigo%2F0.jpg&w=640&q=75 → pending (?ms, ?B)
[2026-03-24T11:07:24.224Z] GET http://localhost:3000/_next/image?url=https%3A%2F%2Fdgzzf6k1ibya0.cloudfront.net%2Fposts%2FDWH-W6djTrL%2F0.jpg&w=640&q=75 → pending (?ms, ?B)
[2026-03-24T11:07:24.224Z] GET http://localhost:3000/_next/image?url=https%3A%2F%2Fdgzzf6k1ibya0.cloudfront.net%2Fposts%2FDVjpr7WjQW1%2F0.jpg&w=640&q=75 → pending (?ms, ?B)
[2026-03-24T11:07:26.756Z] GET http://localhost:3000/__nextjs_font/geist-latin.woff2 → 200 (?ms, ?B)
[2026-03-24T11:07:39.585Z] GET http://localhost:3000/support → pending (?ms, ?B)
[2026-03-24T11:07:41.028Z] GET http://localhost:3000/_next/static/webpack/35c1d111427585bf.webpack.hot-update.json → 200 (245ms, ?B)
[2026-03-24T11:07:41.276Z] GET http://localhost:3000/_next/static/webpack/webpack.35c1d111427585bf.hot-update.js → 200 (19ms, ?B)
[2026-03-24T11:07:41.610Z] GET http://localhost:3000/_next/static/media/36966cca54120369-s.p.woff2 → 200 (?ms, ?B)
[2026-03-24T11:07:41.610Z] GET http://localhost:3000/_next/static/css/app/layout.css?v=1774350461134 → 200 (2ms, 183575B)
[2026-03-24T11:07:41.610Z] GET http://localhost:3000/_next/static/chunks/webpack.js?v=1774350461134 → 200 (3ms, 141116B)
[2026-03-24T11:07:41.610Z] GET http://localhost:3000/_next/static/chunks/main-app.js?v=1774350461134 → pending (?ms, ?B)
[2026-03-24T11:07:41.610Z] GET http://localhost:3000/_next/static/chunks/app-pages-internals.js → 200 (20ms, 227902B)
[2026-03-24T11:07:41.610Z] GET http://localhost:3000/_next/static/chunks/app/(app)/layout.js → 200 (76ms, 883836B)
[2026-03-24T11:07:41.611Z] GET http://localhost:3000/_next/static/chunks/app/(app)/support/page.js → 200 (52ms, 258108B)
[2026-03-24T11:07:41.660Z] GET http://localhost:3000/_next/static/media/b7387a63dd068245-s.woff2 → 200 (?ms, ?B)
[2026-03-24T11:07:41.662Z] GET http://localhost:3000/logos/rm-dot-logo.png → 304 (23ms, ?B)
[2026-03-24T11:07:41.662Z] GET http://localhost:3000/logos/rm-no-dot-logo.png → 304 (24ms, ?B)
[2026-03-24T11:07:43.841Z] GET http://localhost:3000/__nextjs_font/geist-latin.woff2 → 200 (?ms, ?B)
[2026-03-24T11:08:16.061Z] GET http://localhost:3000/discover → 200 (523ms, 249712B)
[2026-03-24T11:08:16.597Z] GET http://localhost:3000/_next/static/media/36966cca54120369-s.p.woff2 → 200 (1ms, ?B)
[2026-03-24T11:08:16.598Z] GET http://localhost:3000/_next/static/css/app/layout.css?v=1774350496105 → 200 (7ms, 183575B)
[2026-03-24T11:08:16.598Z] GET https://dgzzf6k1ibya0.cloudfront.net/profile-pictures/uomplasticsurgery.jpg → 200 (246ms, ?B)
[2026-03-24T11:08:16.599Z] GET https://dgzzf6k1ibya0.cloudfront.net/profile-pictures/manchesteroutreachmedics.jpg → 200 (58ms, 6921B)
[2026-03-24T11:08:16.599Z] GET https://dgzzf6k1ibya0.cloudfront.net/profile-pictures/physsocuom.jpg → 200 (10ms, 7583B)
[2026-03-24T11:08:16.599Z] GET https://dgzzf6k1ibya0.cloudfront.net/profile-pictures/socialiststudentsmanchester.jpg → 200 (144ms, ?B)
[2026-03-24T11:08:16.599Z] GET https://dgzzf6k1ibya0.cloudfront.net/profile-pictures/uommotorsports.jpg → 200 (58ms, 7519B)
[2026-03-24T11:08:16.599Z] GET https://dgzzf6k1ibya0.cloudfront.net/profile-pictures/uomtango.jpg → 200 (11ms, 6535B)
[2026-03-24T11:08:16.599Z] GET http://localhost:3000/_next/static/chunks/webpack.js?v=1774350496105 → 200 (90ms, 141116B)
[2026-03-24T11:08:16.603Z] GET http://localhost:3000/_next/static/chunks/main-app.js?v=1774350496105 → pending (?ms, ?B)
[2026-03-24T11:08:16.603Z] GET http://localhost:3000/_next/static/chunks/app-pages-internals.js → 200 (89ms, 227902B)
[2026-03-24T11:08:16.603Z] GET http://localhost:3000/_next/static/chunks/app/(app)/layout.js → 200 (90ms, ?B)
[2026-03-24T11:08:16.604Z] GET http://localhost:3000/_next/static/chunks/app/(app)/discover/page.js → 200 (88ms, 864335B)
[2026-03-24T11:08:16.688Z] GET http://localhost:3000/_next/static/media/b7387a63dd068245-s.woff2 → 200 (?ms, ?B)
[2026-03-24T11:08:16.688Z] GET http://localhost:3000/logos/rm-dot-logo.png → 304 (54ms, ?B)
[2026-03-24T11:08:16.688Z] GET http://localhost:3000/logos/rm-no-dot-logo.png → 304 (55ms, ?B)
[2026-03-24T11:08:16.689Z] GET http://localhost:3000/_next/image?url=https%3A%2F%2Fdgzzf6k1ibya0.cloudfront.net%2Fposts%2FDWENl6mDC_E%2F0.jpg&w=640&q=75 → 200 (54ms, ?B)
[2026-03-24T11:08:16.689Z] GET http://localhost:3000/_next/image?url=https%3A%2F%2Fdgzzf6k1ibya0.cloudfront.net%2Fposts%2FDWBR2vdjN_x%2F0.jpg&w=640&q=75 → 200 (54ms, ?B)
[2026-03-24T11:08:16.689Z] GET http://localhost:3000/_next/image?url=https%3A%2F%2Fdgzzf6k1ibya0.cloudfront.net%2Fposts%2FDWFQQwhDA48%2F0.jpg&w=640&q=75 → 200 (55ms, ?B)
[2026-03-24T11:08:16.689Z] GET http://localhost:3000/_next/image?url=https%3A%2F%2Fdgzzf6k1ibya0.cloudfront.net%2Fposts%2FDWAGbpLiOGb%2F0.jpg&w=640&q=75 → 200 (153ms, ?B)
[2026-03-24T11:08:16.689Z] GET http://localhost:3000/_next/image?url=https%3A%2F%2Fdgzzf6k1ibya0.cloudfront.net%2Fposts%2FDWGoM6nDO7Z%2F0.jpg&w=640&q=75 → 200 (56ms, ?B)
[2026-03-24T11:08:16.689Z] GET http://localhost:3000/_next/image?url=https%3A%2F%2Fdgzzf6k1ibya0.cloudfront.net%2Fposts%2FDVdeYXVCK9C%2F0.jpg&w=640&q=75 → 200 (154ms, ?B)
[2026-03-24T11:08:19.015Z] GET http://localhost:3000/__nextjs_font/geist-latin.woff2 → 200 (1ms, ?B)
[2026-03-24T11:09:09.576Z] GET http://localhost:3000/events/fundraising-creative-afternoon → pending (?ms, ?B)
[2026-03-24T11:09:13.993Z] GET http://localhost:3000/_next/static/webpack/c2d199cb3a058531.webpack.hot-update.json → 200 (180ms, ?B)
[2026-03-24T11:09:14.175Z] GET http://localhost:3000/_next/static/webpack/webpack.c2d199cb3a058531.hot-update.js → 200 (6ms, ?B)
[2026-03-24T11:09:16.325Z] GET http://localhost:3000/_next/static/media/36966cca54120369-s.p.woff2 → 200 (2ms, ?B)
[2026-03-24T11:09:16.328Z] GET http://localhost:3000/_next/static/css/app/layout.css?v=1774350555012 → 200 (13ms, 183575B)
[2026-03-24T11:09:16.328Z] GET http://localhost:3000/_next/image?url=https%3A%2F%2Fdgzzf6k1ibya0.cloudfront.net%2Fposts%2FDWENl6mDC_E%2F0.jpg&w=1920&q=75 → pending (?ms, ?B)
[2026-03-24T11:09:16.328Z] GET http://localhost:3000/_next/static/chunks/webpack.js?v=1774350555012 → 200 (47ms, 141116B)
[2026-03-24T11:09:16.328Z] GET http://localhost:3000/_next/static/chunks/main-app.js?v=1774350555012 → pending (?ms, ?B)
[2026-03-24T11:09:16.328Z] GET http://localhost:3000/_next/static/chunks/app-pages-internals.js → 200 (114ms, 227902B)
[2026-03-24T11:09:16.328Z] GET http://localhost:3000/_next/static/chunks/app/(app)/events/%5Bslug%5D/page.js → 200 (114ms, 558905B)
[2026-03-24T11:09:16.339Z] GET http://localhost:3000/_next/static/chunks/app/(app)/layout.js → 200 (115ms, 883836B)
[2026-03-24T11:09:16.402Z] GET http://localhost:3000/_next/static/media/b7387a63dd068245-s.woff2 → 200 (?ms, ?B)
[2026-03-24T11:09:16.426Z] GET http://localhost:3000/logos/rm-dot-logo.png → 304 (17ms, ?B)
[2026-03-24T11:09:16.426Z] GET http://localhost:3000/logos/rm-no-dot-logo.png → 304 (18ms, ?B)
[2026-03-24T11:09:16.426Z] GET http://localhost:3000/_next/image?url=https%3A%2F%2Fdgzzf6k1ibya0.cloudfront.net%2Fposts%2FDVevWO7jKRI%2F0.jpg&w=640&q=75 → 200 (251ms, 23986B)
[2026-03-24T11:09:16.426Z] GET http://localhost:3000/_next/image?url=https%3A%2F%2Fdgzzf6k1ibya0.cloudfront.net%2Fposts%2FDWMqetgiRKk%2F0.jpg&w=640&q=75 → pending (?ms, ?B)
[2026-03-24T11:09:16.427Z] GET http://localhost:3000/_next/image?url=https%3A%2F%2Fdgzzf6k1ibya0.cloudfront.net%2Fposts%2FDV1bT-CDHo7%2F0.jpg&w=640&q=75 → pending (?ms, ?B)
[2026-03-24T11:09:16.427Z] GET http://localhost:3000/_next/image?url=https%3A%2F%2Fdgzzf6k1ibya0.cloudfront.net%2Fposts%2FDV1mLyvDqvu%2F0.jpg&w=640&q=75 → pending (?ms, ?B)
[2026-03-24T11:09:18.548Z] GET http://localhost:3000/__nextjs_font/geist-latin.woff2 → 200 (?ms, ?B)
[2026-03-24T11:09:30.828Z] GET http://localhost:3000/_next/image?url=https%3A%2F%2Fdgzzf6k1ibya0.cloudfront.net%2Fposts%2FDVevWO7jKRI%2F0.jpg&w=828&q=75 → pending (?ms, ?B)
[2026-03-24T11:09:30.829Z] GET http://localhost:3000/_next/image?url=https%3A%2F%2Fdgzzf6k1ibya0.cloudfront.net%2Fposts%2FDWMqetgiRKk%2F0.jpg&w=828&q=75 → pending (?ms, ?B)
[2026-03-24T11:09:30.829Z] GET http://localhost:3000/_next/image?url=https%3A%2F%2Fdgzzf6k1ibya0.cloudfront.net%2Fposts%2FDV1bT-CDHo7%2F0.jpg&w=828&q=75 → pending (?ms, ?B)
[2026-03-24T11:09:30.829Z] GET http://localhost:3000/_next/image?url=https%3A%2F%2Fdgzzf6k1ibya0.cloudfront.net%2Fposts%2FDV1mLyvDqvu%2F0.jpg&w=828&q=75 → pending (?ms, ?B)
[2026-03-24T11:09:41.319Z] GET http://localhost:3000/ → pending (?ms, ?B)
[2026-03-24T11:09:44.819Z] GET http://localhost:3000/_next/static/media/36966cca54120369-s.p.woff2 → 200 (?ms, ?B)
[2026-03-24T11:09:44.826Z] GET http://localhost:3000/_next/static/css/app/layout.css?v=1774350583153 → 200 (19ms, ?B)
[2026-03-24T11:09:44.832Z] GET http://localhost:3000/logos/Redefine%20Me%20logo%20wno%20bg.png → 200 (13ms, ?B)
[2026-03-24T11:09:44.832Z] GET https://dgzzf6k1ibya0.cloudfront.net/profile-pictures/manchestermedicsrugby.jpg → pending (?ms, ?B)
[2026-03-24T11:09:44.832Z] GET https://dgzzf6k1ibya0.cloudfront.net/profile-pictures/uom_uxconnect.jpg → pending (?ms, ?B)
[2026-03-24T11:09:44.832Z] GET https://dgzzf6k1ibya0.cloudfront.net/profile-pictures/hkmsuk.jpg → pending (?ms, ?B)
[2026-03-24T11:09:44.832Z] GET https://dgzzf6k1ibya0.cloudfront.net/profile-pictures/manchesterquadball.jpg → pending (?ms, ?B)
[2026-03-24T11:09:44.832Z] GET https://dgzzf6k1ibya0.cloudfront.net/profile-pictures/mcs.uom.jpg → pending (?ms, ?B)
[2026-03-24T11:09:44.832Z] GET https://dgzzf6k1ibya0.cloudfront.net/profile-pictures/manchestermedicsbadminton.jpg → pending (?ms, ?B)
[2026-03-24T11:09:44.832Z] GET https://dgzzf6k1ibya0.cloudfront.net/profile-pictures/bpc_mcr.jpg → pending (?ms, ?B)
[2026-03-24T11:09:44.832Z] GET https://dgzzf6k1ibya0.cloudfront.net/profile-pictures/historia_normannis_manchester.jpg → pending (?ms, ?B)
[2026-03-24T11:09:44.832Z] GET https://dgzzf6k1ibya0.cloudfront.net/profile-pictures/manchestermedlex.jpg → pending (?ms, ?B)
[2026-03-24T11:09:44.832Z] GET http://localhost:3000/_next/static/chunks/webpack.js?v=1774350583153 → pending (?ms, ?B)
[2026-03-24T11:09:44.832Z] GET http://localhost:3000/_next/static/chunks/main-app.js?v=1774350583153 → pending (?ms, ?B)
[2026-03-24T11:09:44.833Z] GET http://localhost:3000/_next/static/chunks/app-pages-internals.js → pending (?ms, ?B)
[2026-03-24T11:09:44.844Z] GET http://localhost:3000/_next/static/chunks/app/(app)/layout.js → pending (?ms, ?B)
[2026-03-24T11:09:44.844Z] GET http://localhost:3000/_next/static/chunks/app/(landing)/page.js → pending (?ms, ?B)
[2026-03-24T11:09:44.845Z] GET https://dgzzf6k1ibya0.cloudfront.net/profile-pictures/uom_acctsoc.jpg → pending (?ms, ?B)
[2026-03-24T11:09:44.845Z] GET https://dgzzf6k1ibya0.cloudfront.net/profile-pictures/UOMBUDDHISTSOC.jpg → pending (?ms, ?B)
[2026-03-24T11:09:44.861Z] GET http://localhost:3000/_next/static/media/b7387a63dd068245-s.woff2 → 200 (?ms, ?B)
[2026-03-24T11:09:44.933Z] GET http://localhost:3000/logos/rm-dot-logo.png → 304 (40ms, ?B)
[2026-03-24T11:09:44.933Z] GET http://localhost:3000/logos/rm-no-dot-logo.png → 304 (40ms, ?B)
[2026-03-24T11:09:47.553Z] GET http://localhost:3000/__nextjs_font/geist-latin.woff2 → 200 (?ms, ?B)
[2026-03-24T11:09:47.642Z] GET https://prod.spline.design/kZDDjO5HuC9GJUM2/scene.splinecode → 200 (3ms, ?B)
[2026-03-24T11:09:47.752Z] GET http://localhost:3000/_next/static/chunks/_app-pages-browser_node_modules_splinetool_runtime_build_process_js.js → pending (?ms, ?B)
[2026-03-24T11:09:47.752Z] GET https://unpkg.com/@splinetool/modelling-wasm@1.12.58/build/process.wasm → pending (?ms, ?B)
[2026-03-24T11:09:48.875Z] GET blob:http://localhost:3000/6ebef32d-4340-4506-822a-e885ab73036d → 200 (1ms, ?B)
[2026-03-24T11:09:48.875Z] GET blob:http://localhost:3000/215b6b1d-88f1-4f24-bde5-a67f823dfb64 → 200 (2ms, ?B)
[2026-03-24T11:09:48.875Z] GET blob:http://localhost:3000/7fc8cbd0-6028-4d28-bce8-5ff621de4ea5 → 200 (2ms, ?B)
[2026-03-24T11:09:48.875Z] GET blob:http://localhost:3000/bedd8ac6-3129-40d2-b6b6-9d2366164df3 → 200 (3ms, ?B)
[2026-03-24T11:32:21.678Z] GET http://localhost:3000/ → pending (?ms, ?B)
[2026-03-24T11:39:09.086Z] GET http://localhost:3000/discover → pending (?ms, ?B)
[2026-03-24T11:39:57.895Z] GET http://localhost:3000/discover → pending (?ms, ?B)
[2026-03-24T11:40:01.678Z] GET http://localhost:3000/_next/static/media/36966cca54120369-s.p.woff2 → 200 (4ms, 22320B)
[2026-03-24T11:40:01.678Z] GET http://localhost:3000/_next/static/css/app/layout.css?v=1774352400946 → 200 (64ms, 183642B)
[2026-03-24T11:40:01.680Z] GET http://localhost:3000/_next/image?url=%2Flogos%2Frm-dot-logo.png&w=128&q=75 → 200 (301ms, 1052B)
[2026-03-24T11:40:01.680Z] GET http://localhost:3000/_next/image?url=%2Flogos%2Frm-no-dot-logo.png&w=128&q=75 → 200 (399ms, 1000B)
[2026-03-24T11:40:01.680Z] GET http://localhost:3000/_next/image?url=https%3A%2F%2Fdgzzf6k1ibya0.cloudfront.net%2Fposts%2FDWENl6mDC_E%2F0.jpg&w=640&q=75 → 200 (103ms, 43364B)
[2026-03-24T11:40:01.680Z] GET http://localhost:3000/_next/image?url=https%3A%2F%2Fdgzzf6k1ibya0.cloudfront.net%2Fposts%2FDWBR2vdjN_x%2F0.jpg&w=640&q=75 → 200 (108ms, 34832B)
[2026-03-24T11:40:01.680Z] GET http://localhost:3000/_next/image?url=https%3A%2F%2Fdgzzf6k1ibya0.cloudfront.net%2Fposts%2FDWFQQwhDA48%2F0.jpg&w=640&q=75 → 200 (109ms, 37416B)
[2026-03-24T11:40:01.680Z] GET https://dgzzf6k1ibya0.cloudfront.net/profile-pictures/mmuisoc.jpg → 200 (191ms, 2503B)
[2026-03-24T11:40:01.680Z] GET https://dgzzf6k1ibya0.cloudfront.net/profile-pictures/uom_trampoline.jpg → 200 (295ms, 2952B)
[2026-03-24T11:40:01.680Z] GET https://dgzzf6k1ibya0.cloudfront.net/profile-pictures/uomqueerfilmsoc.jpg → 200 (295ms, 2918B)
[2026-03-24T11:40:01.680Z] GET https://dgzzf6k1ibya0.cloudfront.net/profile-pictures/uom.animesociety.jpg → 200 (249ms, 147111B)
[2026-03-24T11:40:01.680Z] GET https://dgzzf6k1ibya0.cloudfront.net/profile-pictures/uom_fwl.jpg → 200 (192ms, 4161B)
[2026-03-24T11:40:01.680Z] GET http://localhost:3000/_next/static/chunks/webpack.js?v=1774352400946 → 200 (245ms, 141116B)
[2026-03-24T11:40:01.680Z] GET http://localhost:3000/_next/static/chunks/main-app.js?v=1774352400946 → 200 (923ms, ?B)
[2026-03-24T11:40:01.680Z] GET http://localhost:3000/_next/static/chunks/app-pages-internals.js → 200 (247ms, 227902B)
[2026-03-24T11:40:01.680Z] GET http://localhost:3000/_next/static/chunks/app/(app)/layout.js → 200 (300ms, 883818B)
[2026-03-24T11:40:01.680Z] GET http://localhost:3000/_next/static/chunks/app/(app)/discover/page.js → 200 (400ms, 864683B)
[2026-03-24T11:40:01.680Z] GET https://dgzzf6k1ibya0.cloudfront.net/profile-pictures/uomgaming.jpg → 200 (296ms, 4881B)
[2026-03-24T11:40:02.234Z] GET http://localhost:3000/_next/image?url=https%3A%2F%2Fdgzzf6k1ibya0.cloudfront.net%2Fposts%2FDWAGbpLiOGb%2F0.jpg&w=640&q=75 → 200 (23ms, 60970B)
[2026-03-24T11:40:02.234Z] GET http://localhost:3000/_next/image?url=https%3A%2F%2Fdgzzf6k1ibya0.cloudfront.net%2Fposts%2FDWGoM6nDO7Z%2F0.jpg&w=640&q=75 → 200 (25ms, 37432B)
[2026-03-24T11:40:02.234Z] GET http://localhost:3000/_next/image?url=https%3A%2F%2Fdgzzf6k1ibya0.cloudfront.net%2Fposts%2FDVdeYXVCK9C%2F0.jpg&w=640&q=75 → 200 (31ms, 38268B)
[2026-03-24T11:40:04.347Z] GET http://localhost:3000/__nextjs_font/geist-latin.woff2 → 200 (1ms, 28356B)
[2026-03-24T11:40:04.361Z] POST http://localhost:3000/__nextjs_original-stack-frames → 200 (126ms, 5899B)
[2026-03-24T11:40:48.121Z] GET http://localhost:3000/discover → pending (?ms, ?B)
[2026-03-24T11:40:48.773Z] GET http://localhost:3000/_next/static/media/36966cca54120369-s.p.woff2 → 200 (?ms, ?B)
[2026-03-24T11:40:48.774Z] GET http://localhost:3000/_next/static/css/app/layout.css?v=1774352448143 → 200 (1ms, 183642B)
[2026-03-24T11:40:48.774Z] GET http://localhost:3000/_next/image?url=%2Flogos%2Frm-dot-logo.png&w=128&q=75 → 304 (1ms, ?B)
[2026-03-24T11:40:48.774Z] GET http://localhost:3000/_next/image?url=%2Flogos%2Frm-no-dot-logo.png&w=128&q=75 → 304 (2ms, ?B)
[2026-03-24T11:40:48.774Z] GET http://localhost:3000/_next/image?url=https%3A%2F%2Fdgzzf6k1ibya0.cloudfront.net%2Fposts%2FDWENl6mDC_E%2F0.jpg&w=640&q=75 → 304 (9ms, ?B)
[2026-03-24T11:40:48.774Z] GET http://localhost:3000/_next/image?url=https%3A%2F%2Fdgzzf6k1ibya0.cloudfront.net%2Fposts%2FDWBR2vdjN_x%2F0.jpg&w=640&q=75 → 304 (14ms, ?B)
[2026-03-24T11:40:48.774Z] GET http://localhost:3000/_next/image?url=https%3A%2F%2Fdgzzf6k1ibya0.cloudfront.net%2Fposts%2FDWFQQwhDA48%2F0.jpg&w=640&q=75 → 304 (17ms, ?B)
[2026-03-24T11:40:48.774Z] GET https://dgzzf6k1ibya0.cloudfront.net/profile-pictures/uom_mec.jpg → 200 (31ms, 4556B)
[2026-03-24T11:40:48.774Z] GET https://dgzzf6k1ibya0.cloudfront.net/profile-pictures/uom_lawstudygroup.jpg → 200 (29ms, 5135B)
[2026-03-24T11:40:48.774Z] GET https://dgzzf6k1ibya0.cloudfront.net/profile-pictures/uommusicsociety.jpg → 200 (101ms, 6882B)
[2026-03-24T11:40:48.774Z] GET https://dgzzf6k1ibya0.cloudfront.net/profile-pictures/mmuisoc.jpg → 200 (?ms, 2503B)
[2026-03-24T11:40:48.774Z] GET https://dgzzf6k1ibya0.cloudfront.net/profile-pictures/sobss_uom.jpg → 200 (31ms, 5025B)
[2026-03-24T11:40:48.774Z] GET http://localhost:3000/_next/static/chunks/webpack.js?v=1774352448143 → 200 (81ms, 141116B)
[2026-03-24T11:40:48.774Z] GET http://localhost:3000/_next/static/chunks/main-app.js?v=1774352448143 → 200 (690ms, ?B)
[2026-03-24T11:40:48.774Z] GET http://localhost:3000/_next/static/chunks/app-pages-internals.js → 200 (81ms, 227902B)
[2026-03-24T11:40:48.774Z] GET http://localhost:3000/_next/static/chunks/app/(app)/layout.js → 200 (89ms, 883818B)
[2026-03-24T11:40:48.775Z] GET http://localhost:3000/_next/static/chunks/app/(app)/discover/page.js → 200 (87ms, 864683B)
[2026-03-24T11:40:48.775Z] GET https://dgzzf6k1ibya0.cloudfront.net/profile-pictures/uom_robosoc.jpg → 200 (79ms, 15994B)
[2026-03-24T11:40:48.854Z] GET http://localhost:3000/_next/image?url=https%3A%2F%2Fdgzzf6k1ibya0.cloudfront.net%2Fposts%2FDWAGbpLiOGb%2F0.jpg&w=640&q=75 → 304 (47ms, ?B)
[2026-03-24T11:40:48.854Z] GET http://localhost:3000/_next/image?url=https%3A%2F%2Fdgzzf6k1ibya0.cloudfront.net%2Fposts%2FDWGoM6nDO7Z%2F0.jpg&w=640&q=75 → 304 (49ms, ?B)
[2026-03-24T11:40:48.854Z] GET http://localhost:3000/_next/image?url=https%3A%2F%2Fdgzzf6k1ibya0.cloudfront.net%2Fposts%2FDVdeYXVCK9C%2F0.jpg&w=640&q=75 → 304 (48ms, ?B)
[2026-03-24T11:40:50.836Z] GET http://localhost:3000/__nextjs_font/geist-latin.woff2 → 200 (?ms, ?B)
[2026-03-24T11:45:59.777Z] GET http://localhost:3000/discover?_rsc=8rfpm → 200 (309ms, ?B)
[2026-03-24T11:45:59.780Z] GET http://localhost:3000/_next/static/webpack/0693d73557a3f73d.webpack.hot-update.json → 200 (389ms, 70B)
[2026-03-24T11:46:00.165Z] GET http://localhost:3000/_next/static/css/app/layout.css?v=1774352759957 → 200 (13ms, 183974B)
[2026-03-24T11:46:00.178Z] GET http://localhost:3000/_next/static/webpack/app/(app)/discover/page.0693d73557a3f73d.hot-update.js → 200 (12ms, 19094B)
[2026-03-24T11:46:00.178Z] GET http://localhost:3000/_next/static/webpack/webpack.0693d73557a3f73d.hot-update.js → 200 (11ms, 1157B)
[2026-03-24T11:46:00.320Z] GET https://dgzzf6k1ibya0.cloudfront.net/profile-pictures/fieradanceuk.jpg → 200 (78ms, 5622B)
[2026-03-24T11:46:00.320Z] GET https://dgzzf6k1ibya0.cloudfront.net/profile-pictures/uompharmed.jpg → 200 (153ms, 4332B)
[2026-03-24T11:46:00.320Z] GET https://dgzzf6k1ibya0.cloudfront.net/profile-pictures/UoMBOOKCLUBSOCIETY.jpg → 200 (6ms, 46580B)
[2026-03-24T11:46:00.320Z] GET https://dgzzf6k1ibya0.cloudfront.net/profile-pictures/eeesoc.jpg → 200 (8ms, 229977B)
[2026-03-24T11:46:00.320Z] GET https://dgzzf6k1ibya0.cloudfront.net/profile-pictures/physsocuom.jpg → 200 (8ms, 7583B)
[2026-03-24T11:46:05.759Z] GET http://localhost:3000/discover?_rsc=8rfpm → 200 (275ms, 190535B)
[2026-03-24T11:46:05.763Z] GET http://localhost:3000/_next/static/webpack/a868d66ef647465d.webpack.hot-update.json → 200 (341ms, 44B)
[2026-03-24T11:46:06.102Z] GET http://localhost:3000/_next/static/css/app/layout.css?v=1774352765895 → 200 (12ms, 183985B)
[2026-03-24T11:46:06.110Z] GET http://localhost:3000/_next/static/webpack/webpack.a868d66ef647465d.hot-update.js → 200 (46ms, 1157B)
[2026-03-24T11:46:06.412Z] GET https://dgzzf6k1ibya0.cloudfront.net/profile-pictures/manchesterneuro.jpg → 200 (123ms, 6198B)
[2026-03-24T11:46:06.412Z] GET https://dgzzf6k1ibya0.cloudfront.net/profile-pictures/uom.bsceconomics.jpg → 200 (122ms, 31036B)
[2026-03-24T11:46:06.412Z] GET https://dgzzf6k1ibya0.cloudfront.net/profile-pictures/uomqueerfilmsoc.jpg → 200 (5ms, 2918B)
[2026-03-24T11:46:06.412Z] GET https://dgzzf6k1ibya0.cloudfront.net/profile-pictures/mors.uom.jpg → 200 (130ms, 4994B)
[2026-03-24T11:46:06.412Z] GET https://dgzzf6k1ibya0.cloudfront.net/profile-pictures/manchesterhindusociety.jpg → 200 (124ms, 100587B)
[2026-03-24T11:46:06.412Z] GET https://dgzzf6k1ibya0.cloudfront.net/profile-pictures/uomatcha.jpg → 200 (123ms, 2854B)
[2026-03-24T11:46:08.189Z] GET http://localhost:3000/discover?_rsc=8rfpm → 200 (280ms, ?B)
[2026-03-24T11:46:08.192Z] GET http://localhost:3000/_next/static/webpack/4eb70d3668ce01d7.webpack.hot-update.json → 200 (101ms, 44B)
[2026-03-24T11:46:08.295Z] GET http://localhost:3000/_next/static/webpack/webpack.4eb70d3668ce01d7.hot-update.js → 200 (170ms, 1157B)
[2026-03-24T11:46:08.613Z] GET http://localhost:3000/discover?_rsc=8rfpm → 200 (38ms, ?B)
[2026-03-24T11:46:08.642Z] GET http://localhost:3000/_next/static/css/app/layout.css?v=1774352768421 → pending (?ms, ?B)
[2026-03-24T11:46:08.645Z] GET http://localhost:3000/_next/static/webpack/25b9220de6ec8be5.webpack.hot-update.json → pending (?ms, ?B)
[2026-03-24T11:46:08.705Z] GET http://localhost:3000/_next/static/css/app/layout.css?v=1774352768623 → 200 (28ms, 183985B)
[2026-03-24T11:46:08.734Z] GET http://localhost:3000/_next/static/webpack/webpack.25b9220de6ec8be5.hot-update.js → 200 (74ms, 1157B)
[2026-03-24T11:46:09.026Z] GET https://dgzzf6k1ibya0.cloudfront.net/profile-pictures/uompoleandaerialsociety.jpg → 200 (120ms, 5763B)
[2026-03-24T11:46:09.027Z] GET https://dgzzf6k1ibya0.cloudfront.net/profile-pictures/uom_awmsoc.jpg → 200 (115ms, 3290B)
[2026-03-24T11:46:09.034Z] GET https://dgzzf6k1ibya0.cloudfront.net/profile-pictures/indiansocmcr.jpg → 200 (120ms, 4547B)
[2026-03-24T11:46:09.034Z] GET https://dgzzf6k1ibya0.cloudfront.net/profile-pictures/ARTHISTORYSOC.UOM.jpg → 200 (144ms, 223269B)
[2026-03-24T11:46:09.034Z] GET https://dgzzf6k1ibya0.cloudfront.net/profile-pictures/McrYoungGreens.jpg → 200 (113ms, 5340B)
[2026-03-24T11:46:09.034Z] GET https://dgzzf6k1ibya0.cloudfront.net/profile-pictures/uomgaming.jpg → 200 (5ms, 4881B)
[2026-03-24T11:46:12.735Z] GET http://localhost:3000/discover?_rsc=8rfpm → 200 (176ms, 190610B)
[2026-03-24T11:46:12.738Z] GET http://localhost:3000/_next/static/webpack/01a058eb8f18c171.webpack.hot-update.json → 200 (243ms, 84B)
[2026-03-24T11:46:12.981Z] GET http://localhost:3000/_next/static/css/app/layout.css?v=1774352772820 → 200 (?ms, 183985B)
[2026-03-24T11:46:12.997Z] GET http://localhost:3000/_next/static/webpack/app/(app)/layout.01a058eb8f18c171.hot-update.js → 200 (26ms, 56450B)
[2026-03-24T11:46:12.997Z] GET http://localhost:3000/_next/static/webpack/webpack.01a058eb8f18c171.hot-update.js → 200 (26ms, 1157B)
[2026-03-24T11:46:13.181Z] GET https://dgzzf6k1ibya0.cloudfront.net/profile-pictures/uomcahaesociety.jpg → 200 (114ms, 7654B)
[2026-03-24T11:46:13.181Z] GET https://dgzzf6k1ibya0.cloudfront.net/profile-pictures/npps_uom.jpg → 200 (113ms, 7486B)
[2026-03-24T11:46:13.181Z] GET https://dgzzf6k1ibya0.cloudfront.net/profile-pictures/mmuisoc.jpg → 200 (11ms, 2503B)
[2026-03-24T11:46:13.181Z] GET https://dgzzf6k1ibya0.cloudfront.net/profile-pictures/uom_rocksoc.jpg → 200 (12ms, 8641B)
[2026-03-24T11:46:14.786Z] GET http://localhost:3000/discover?_rsc=8rfpm → 200 (151ms, 190760B)
[2026-03-24T11:46:14.790Z] GET http://localhost:3000/_next/static/webpack/cbc1d96d548698f7.webpack.hot-update.json → 200 (4ms, 84B)
[2026-03-24T11:46:14.796Z] GET http://localhost:3000/_next/static/webpack/app/(app)/layout.cbc1d96d548698f7.hot-update.js → 200 (225ms, 56443B)
[2026-03-24T11:46:14.797Z] GET http://localhost:3000/_next/static/webpack/webpack.cbc1d96d548698f7.hot-update.js → 200 (228ms, 1157B)
[2026-03-24T11:46:15.015Z] GET http://localhost:3000/_next/static/css/app/layout.css?v=1774352774876 → 200 (10ms, 184040B)
[2026-03-24T11:46:15.155Z] GET https://dgzzf6k1ibya0.cloudfront.net/profile-pictures/McrYoungGreens.jpg → 200 (6ms, 5340B)
[2026-03-24T11:46:15.155Z] GET https://dgzzf6k1ibya0.cloudfront.net/profile-pictures/fomsfmanchester.jpg → 200 (129ms, 4248B)
[2026-03-24T11:46:15.160Z] GET https://dgzzf6k1ibya0.cloudfront.net/profile-pictures/physsocuom.jpg → 200 (22ms, 7583B)
[2026-03-24T11:46:15.160Z] GET https://dgzzf6k1ibya0.cloudfront.net/profile-pictures/uompoleandaerialsociety.jpg → 200 (22ms, 5763B)
[2026-03-24T11:46:15.161Z] GET https://dgzzf6k1ibya0.cloudfront.net/profile-pictures/Manchesteroutreachmedics.jpg → 200 (131ms, 56139B)
[2026-03-24T11:46:16.035Z] GET http://localhost:3000/discover?_rsc=8rfpm → 200 (187ms, ?B)
[2026-03-24T11:46:16.036Z] GET http://localhost:3000/_next/static/webpack/2b3e45d520877caf.webpack.hot-update.json → 200 (8ms, 84B)
[2026-03-24T11:46:16.046Z] GET http://localhost:3000/_next/static/webpack/app/(app)/layout.2b3e45d520877caf.hot-update.js → 200 (314ms, 56436B)
[2026-03-24T11:46:16.046Z] GET http://localhost:3000/_next/static/webpack/webpack.2b3e45d520877caf.hot-update.js → 200 (306ms, 1157B)
[2026-03-24T11:46:16.350Z] GET http://localhost:3000/_next/static/css/app/layout.css?v=1774352776132 → 200 (1ms, 184040B)
[2026-03-24T11:46:16.471Z] GET https://dgzzf6k1ibya0.cloudfront.net/profile-pictures/mcr.swss.jpg → 200 (116ms, 6686B)
[2026-03-24T11:46:16.471Z] GET https://dgzzf6k1ibya0.cloudfront.net/profile-pictures/tacsuom.jpg → 200 (115ms, 4587B)
[2026-03-24T11:46:16.475Z] GET https://dgzzf6k1ibya0.cloudfront.net/profile-pictures/uomgermansoc.jpg → 200 (110ms, 6756B)
[2026-03-24T11:46:16.481Z] GET https://dgzzf6k1ibya0.cloudfront.net/profile-pictures/unicsmcr.jpg → 200 (124ms, 5204B)
[2026-03-24T11:46:18.097Z] GET http://localhost:3000/discover?_rsc=8rfpm → 200 (240ms, 190732B)
[2026-03-24T11:46:18.099Z] GET http://localhost:3000/_next/static/webpack/88ce3b7520c258b5.webpack.hot-update.json → 200 (7ms, 84B)
[2026-03-24T11:46:18.108Z] GET http://localhost:3000/_next/static/webpack/app/(app)/layout.88ce3b7520c258b5.hot-update.js → 200 (230ms, 56429B)
[2026-03-24T11:46:18.108Z] GET http://localhost:3000/_next/static/webpack/webpack.88ce3b7520c258b5.hot-update.js → 200 (230ms, 1157B)
[2026-03-24T11:46:18.351Z] GET http://localhost:3000/_next/static/css/app/layout.css?v=1774352778175 → 200 (15ms, 184040B)
[2026-03-24T11:46:18.471Z] GET https://dgzzf6k1ibya0.cloudfront.net/profile-pictures/mors.uom.jpg → 200 (11ms, 4994B)
[2026-03-24T11:46:18.471Z] GET https://dgzzf6k1ibya0.cloudfront.net/profile-pictures/uomsailing.jpg → 200 (140ms, 4530B)
[2026-03-24T11:46:18.471Z] GET https://dgzzf6k1ibya0.cloudfront.net/profile-pictures/manchesterbusinesssociety.jpg → 200 (139ms, 2776B)
[2026-03-24T11:46:18.471Z] GET https://dgzzf6k1ibya0.cloudfront.net/profile-pictures/npps_uom.jpg → 200 (12ms, 7486B)
[2026-03-24T11:46:18.471Z] GET https://dgzzf6k1ibya0.cloudfront.net/profile-pictures/uomgujaratisoc.jpg → 200 (140ms, 3403B)
[2026-03-24T11:46:52.671Z] GET http://localhost:3000/discover?_rsc=8rfpm → pending (?ms, ?B)
[2026-03-24T11:46:52.671Z] GET http://localhost:3000/_next/static/webpack/0a49633d261cd019.webpack.hot-update.json → 200 (31ms, ?B)
[2026-03-24T11:46:52.720Z] GET http://localhost:3000/_next/static/webpack/app/(app)/discover/page.0a49633d261cd019.hot-update.js → 200 (348ms, 19087B)
[2026-03-24T11:46:52.720Z] GET http://localhost:3000/_next/static/webpack/webpack.0a49633d261cd019.hot-update.js → 200 (342ms, 1157B)
[2026-03-24T11:46:53.019Z] GET http://localhost:3000/_next/static/css/app/layout.css?v=1774352812832 → 200 (49ms, 184097B)
[2026-03-24T11:46:53.520Z] GET http://localhost:3000/discover?_rsc=8rfpm → 200 (176ms, ?B)
[2026-03-24T11:46:53.521Z] GET http://localhost:3000/_next/static/webpack/883425e4fe2fe950.webpack.hot-update.json → 200 (6ms, 70B)
[2026-03-24T11:46:53.529Z] GET http://localhost:3000/_next/static/webpack/app/(app)/discover/page.883425e4fe2fe950.hot-update.js → pending (?ms, ?B)
[2026-03-24T11:46:53.529Z] GET http://localhost:3000/_next/static/webpack/webpack.883425e4fe2fe950.hot-update.js → pending (?ms, ?B)
[2026-03-24T11:46:53.768Z] GET http://localhost:3000/_next/static/css/app/layout.css?v=1774352813612 → 200 (22ms, 184097B)
[2026-03-24T11:46:53.899Z] GET https://dgzzf6k1ibya0.cloudfront.net/profile-pictures/uom_mec.jpg → 200 (8ms, 4556B)
[2026-03-24T11:46:53.899Z] GET https://dgzzf6k1ibya0.cloudfront.net/profile-pictures/imsuom.jpg → 200 (111ms, 5905B)
[2026-03-24T11:46:53.899Z] GET https://dgzzf6k1ibya0.cloudfront.net/profile-pictures/mmuisoc.jpg → 200 (8ms, 2503B)
[2026-03-24T11:46:53.899Z] GET https://dgzzf6k1ibya0.cloudfront.net/profile-pictures/uom_charlitas.jpg → 200 (88ms, 2625B)
[2026-03-24T11:46:53.899Z] GET https://dgzzf6k1ibya0.cloudfront.net/profile-pictures/uomatcha.jpg → 200 (9ms, 2854B)
[2026-03-24T11:46:53.899Z] GET https://dgzzf6k1ibya0.cloudfront.net/profile-pictures/hyperloopmanchester.jpg → 200 (9ms, 3204B)
[2026-03-24T11:46:54.709Z] GET http://localhost:3000/discover?_rsc=8rfpm → pending (?ms, ?B)
[2026-03-24T11:46:54.710Z] GET http://localhost:3000/_next/static/webpack/a6f91e00085002de.webpack.hot-update.json → 200 (8ms, 70B)
[2026-03-24T11:46:54.725Z] GET http://localhost:3000/_next/static/webpack/app/(app)/discover/page.a6f91e00085002de.hot-update.js → 200 (152ms, 19073B)
[2026-03-24T11:46:54.725Z] GET http://localhost:3000/_next/static/webpack/webpack.a6f91e00085002de.hot-update.js → 200 (151ms, 1157B)
[2026-03-24T11:46:54.867Z] GET http://localhost:3000/_next/static/css/app/layout.css?v=1774352814767 → 200 (9ms, 184158B)
[2026-03-24T11:46:55.015Z] GET https://dgzzf6k1ibya0.cloudfront.net/profile-pictures/ogsoc_mcr.jpg → 200 (107ms, 2747B)
[2026-03-24T11:46:55.015Z] GET https://dgzzf6k1ibya0.cloudfront.net/profile-pictures/hieroglyphsuom.jpg → 200 (7ms, 8640B)
[2026-03-24T11:46:55.015Z] GET https://dgzzf6k1ibya0.cloudfront.net/profile-pictures/uomtango.jpg → 200 (7ms, 6535B)
[2026-03-24T11:46:55.015Z] GET https://dgzzf6k1ibya0.cloudfront.net/profile-pictures/ids_uom.jpg → 200 (104ms, 4636B)
[2026-03-24T11:46:55.015Z] GET https://dgzzf6k1ibya0.cloudfront.net/profile-pictures/uom_amms.jpg → 200 (102ms, 7641B)
[2026-03-24T11:46:55.015Z] GET https://dgzzf6k1ibya0.cloudfront.net/profile-pictures/uomqueerfilmsoc.jpg → 200 (7ms, 2918B)
[2026-03-24T11:46:56.700Z] GET http://localhost:3000/discover?_rsc=8rfpm → pending (?ms, ?B)
[2026-03-24T11:46:56.701Z] GET http://localhost:3000/_next/static/webpack/b267312891d2a205.webpack.hot-update.json → pending (?ms, ?B)
[2026-03-24T11:46:56.729Z] GET http://localhost:3000/_next/static/webpack/app/(app)/discover/page.b267312891d2a205.hot-update.js → 200 (418ms, 19066B)
[2026-03-24T11:46:56.729Z] GET http://localhost:3000/_next/static/webpack/webpack.b267312891d2a205.hot-update.js → 200 (413ms, 1157B)
[2026-03-24T11:46:57.138Z] GET http://localhost:3000/_next/static/css/app/layout.css?v=1774352816848 → 200 (30ms, 184158B)
[2026-03-24T11:46:57.318Z] GET https://dgzzf6k1ibya0.cloudfront.net/profile-pictures/UOMPHARMED.jpg → 200 (166ms, 85215B)
[2026-03-24T11:46:57.335Z] GET https://dgzzf6k1ibya0.cloudfront.net/profile-pictures/uom_trampoline.jpg → 200 (18ms, 2952B)
[2026-03-24T11:46:57.335Z] GET https://dgzzf6k1ibya0.cloudfront.net/profile-pictures/uomdiversifypolitics.jpg → 200 (168ms, 6610B)
[2026-03-24T11:46:57.335Z] GET https://dgzzf6k1ibya0.cloudfront.net/profile-pictures/McrYoungGreens.jpg → 200 (19ms, 5340B)
[2026-03-24T11:46:57.335Z] GET https://dgzzf6k1ibya0.cloudfront.net/profile-pictures/uomcahaesociety.jpg → 200 (19ms, 7654B)
[2026-03-24T11:47:00.749Z] GET http://localhost:3000/discover?_rsc=8rfpm → 200 (77ms, 190618B)
[2026-03-24T11:47:00.772Z] GET http://localhost:3000/_next/static/webpack/ee71066a7046a44c.webpack.hot-update.json → 200 (147ms, 44B)
[2026-03-24T11:47:00.910Z] GET http://localhost:3000/_next/static/css/app/layout.css?v=1774352820764 → 200 (4ms, 184158B)
[2026-03-24T11:47:01.079Z] GET http://localhost:3000/_next/static/webpack/webpack.ee71066a7046a44c.hot-update.js → 200 (55ms, 1157B)
[2026-03-24T11:47:01.269Z] GET https://dgzzf6k1ibya0.cloudfront.net/profile-pictures/uompoleandaerialsociety.jpg → 200 (11ms, 5763B)
[2026-03-24T11:47:01.269Z] GET https://dgzzf6k1ibya0.cloudfront.net/profile-pictures/uom_robosoc.jpg → 200 (14ms, 15994B)
[2026-03-24T11:47:01.269Z] GET https://dgzzf6k1ibya0.cloudfront.net/profile-pictures/uom.darts.jpg → 200 (187ms, 97543B)
[2026-03-24T11:47:01.269Z] GET https://dgzzf6k1ibya0.cloudfront.net/profile-pictures/uomfilm.jpg → 200 (402ms, ?B)
[2026-03-24T11:47:01.274Z] GET https://dgzzf6k1ibya0.cloudfront.net/profile-pictures/fieradanceuk.jpg → 200 (163ms, 5622B)
[2026-03-24T11:47:03.275Z] GET http://localhost:3000/discover?_rsc=8rfpm → 200 (125ms, 190698B)
[2026-03-24T11:47:03.275Z] GET http://localhost:3000/_next/static/webpack/8aedea42fdda22d9.webpack.hot-update.json → 200 (225ms, 70B)
[2026-03-24T11:47:03.497Z] GET http://localhost:3000/_next/static/css/app/layout.css?v=1774352823341 → 200 (25ms, 184158B)
[2026-03-24T11:47:03.543Z] GET http://localhost:3000/_next/static/webpack/app/(app)/discover/page.8aedea42fdda22d9.hot-update.js → 200 (22ms, 8999B)
[2026-03-24T11:47:03.543Z] GET http://localhost:3000/_next/static/webpack/webpack.8aedea42fdda22d9.hot-update.js → 200 (7ms, 1157B)
[2026-03-24T11:47:03.722Z] GET https://dgzzf6k1ibya0.cloudfront.net/profile-pictures/uomwfc.jpg → 200 (95ms, 5133B)
[2026-03-24T11:47:03.722Z] GET https://dgzzf6k1ibya0.cloudfront.net/profile-pictures/uommotorsports.jpg → 200 (34ms, 7519B)
[2026-03-24T11:47:03.722Z] GET https://dgzzf6k1ibya0.cloudfront.net/profile-pictures/ARTHISTORYSOC.UOM.jpg → 200 (36ms, 223269B)
[2026-03-24T11:47:03.722Z] GET https://dgzzf6k1ibya0.cloudfront.net/profile-pictures/mors.uom.jpg → 200 (36ms, 4994B)
[2026-03-24T11:47:03.722Z] GET https://dgzzf6k1ibya0.cloudfront.net/profile-pictures/uom_dinosoc.jpg → 200 (36ms, 7017B)
[2026-03-24T11:47:03.722Z] GET https://dgzzf6k1ibya0.cloudfront.net/profile-pictures/tacsuom.jpg → 200 (37ms, 4587B)
[2026-03-24T11:47:04.575Z] GET http://localhost:3000/discover?_rsc=8rfpm → pending (?ms, ?B)
[2026-03-24T11:47:04.577Z] GET http://localhost:3000/_next/static/webpack/8c80f2688e091cbd.webpack.hot-update.json → 200 (13ms, 70B)
[2026-03-24T11:47:04.590Z] GET http://localhost:3000/_next/static/webpack/app/(app)/discover/page.8c80f2688e091cbd.hot-update.js → pending (?ms, ?B)
[2026-03-24T11:47:04.591Z] GET http://localhost:3000/_next/static/webpack/webpack.8c80f2688e091cbd.hot-update.js → pending (?ms, ?B)
[2026-03-24T11:47:04.834Z] GET http://localhost:3000/_next/static/css/app/layout.css?v=1774352824669 → 200 (10ms, 184158B)
[2026-03-24T11:47:04.983Z] GET https://dgzzf6k1ibya0.cloudfront.net/profile-pictures/ids_uom.jpg → 200 (6ms, 4636B)
[2026-03-24T11:47:04.983Z] GET https://dgzzf6k1ibya0.cloudfront.net/profile-pictures/uomcommutersoc.jpg → 200 (6ms, 8141B)
[2026-03-24T11:47:04.983Z] GET https://dgzzf6k1ibya0.cloudfront.net/profile-pictures/uom_fwl.jpg → 200 (7ms, 4161B)
[2026-03-24T11:47:04.984Z] GET https://dgzzf6k1ibya0.cloudfront.net/profile-pictures/eurosocmcr.jpg → 200 (7ms, 8462B)
[2026-03-24T11:47:04.984Z] GET https://dgzzf6k1ibya0.cloudfront.net/profile-pictures/hieroglyphsuom.jpg → 200 (11ms, 8640B)
[2026-03-24T11:47:04.988Z] GET https://dgzzf6k1ibya0.cloudfront.net/profile-pictures/uomkpopsoc.jpg → 200 (85ms, 6335B)
[2026-03-24T11:47:06.467Z] GET http://localhost:3000/_next/static/webpack/6025722124043f8f.webpack.hot-update.json → 200 (75ms, 44B)
[2026-03-24T11:47:06.563Z] GET http://localhost:3000/_next/static/webpack/webpack.6025722124043f8f.hot-update.js → 200 (57ms, 1157B)
[2026-03-24T11:47:07.125Z] GET http://localhost:3000/discover?_rsc=8rfpm → 200 (199ms, 190733B)
[2026-03-24T11:47:07.136Z] GET http://localhost:3000/_next/static/webpack/ced3ef60d855ab0a.webpack.hot-update.json → 200 (231ms, 44B)
[2026-03-24T11:47:07.367Z] GET http://localhost:3000/_next/static/css/app/layout.css?v=1774352827216 → 200 (11ms, 183990B)
[2026-03-24T11:47:07.395Z] GET http://localhost:3000/_next/static/webpack/webpack.ced3ef60d855ab0a.hot-update.js → 200 (18ms, 1157B)
[2026-03-24T11:47:07.484Z] GET https://dgzzf6k1ibya0.cloudfront.net/profile-pictures/uombookclubsociety.jpg → 200 (133ms, 3781B)
[2026-03-24T11:47:07.503Z] GET https://dgzzf6k1ibya0.cloudfront.net/profile-pictures/uomtango.jpg → 200 (111ms, 6535B)
[2026-03-24T11:47:07.503Z] GET https://dgzzf6k1ibya0.cloudfront.net/profile-pictures/eeesoc.jpg → 200 (114ms, 229977B)
[2026-03-24T11:47:15.021Z] GET http://localhost:3000/_next/static/webpack/488c7712b34224bf.webpack.hot-update.json → 200 (402ms, 70B)
[2026-03-24T11:47:15.495Z] GET http://localhost:3000/_next/static/webpack/app/(app)/discover/page.488c7712b34224bf.hot-update.js → 200 (329ms, ?B)
[2026-03-24T11:47:15.495Z] GET http://localhost:3000/_next/static/webpack/webpack.488c7712b34224bf.hot-update.js → 200 (317ms, ?B)
[2026-03-24T11:47:17.550Z] GET http://localhost:3000/_next/static/webpack/c283b6571725e4c4.webpack.hot-update.json → pending (?ms, ?B)
[2026-03-24T11:47:24.643Z] GET http://localhost:3000/_next/static/webpack/app/(app)/discover/page.c283b6571725e4c4.hot-update.js → pending (?ms, ?B)
[2026-03-24T11:47:24.644Z] GET http://localhost:3000/_next/static/webpack/webpack.c283b6571725e4c4.hot-update.js → pending (?ms, ?B)
[2026-03-24T11:47:33.466Z] GET http://localhost:3000/_next/static/webpack/f028a238e3fbcab1.webpack.hot-update.json → 200 (24ms, 70B)
[2026-03-24T11:47:33.591Z] GET http://localhost:3000/_next/static/webpack/app/(app)/discover/page.f028a238e3fbcab1.hot-update.js → pending (?ms, ?B)
[2026-03-24T11:47:33.591Z] GET http://localhost:3000/_next/static/webpack/webpack.f028a238e3fbcab1.hot-update.js → pending (?ms, ?B)
[2026-03-24T11:47:35.347Z] GET http://localhost:3000/_next/static/webpack/7472fb93dffa64f1.webpack.hot-update.json → 200 (57ms, 44B)
[2026-03-24T11:47:35.417Z] GET http://localhost:3000/_next/static/webpack/webpack.7472fb93dffa64f1.hot-update.js → 200 (49ms, 1157B)
[2026-03-24T11:47:35.783Z] GET http://localhost:3000/discover?_rsc=8rfpm → 200 (253ms, ?B)
[2026-03-24T11:47:36.112Z] GET http://localhost:3000/_next/static/css/app/layout.css?v=1774352855931 → 200 (10ms, 184175B)
[2026-03-24T11:47:36.185Z] GET https://dgzzf6k1ibya0.cloudfront.net/profile-pictures/ogsoc_mcr.jpg → 200 (12ms, 2747B)
[2026-03-24T11:47:36.185Z] GET https://dgzzf6k1ibya0.cloudfront.net/profile-pictures/Imsuom.jpg → 200 (118ms, 5905B)
[2026-03-24T11:47:36.185Z] GET https://dgzzf6k1ibya0.cloudfront.net/profile-pictures/uom_mec.jpg → 200 (12ms, 4556B)
[2026-03-24T11:47:36.185Z] GET https://dgzzf6k1ibya0.cloudfront.net/profile-pictures/npps_uom.jpg → 200 (13ms, 7486B)
[2026-03-24T11:47:36.185Z] GET https://dgzzf6k1ibya0.cloudfront.net/profile-pictures/uom_rocksoc.jpg → 200 (22ms, 8641B)
[2026-03-24T11:47:36.197Z] GET https://dgzzf6k1ibya0.cloudfront.net/profile-pictures/fomsfmanchester.jpg → 200 (11ms, 4248B)
[2026-03-24T11:47:36.546Z] GET http://localhost:3000/discover?_rsc=8rfpm → pending (?ms, ?B)
[2026-03-24T11:47:36.547Z] GET http://localhost:3000/_next/static/webpack/ef756d10c30663f2.webpack.hot-update.json → 200 (5ms, 70B)
[2026-03-24T11:47:36.556Z] GET http://localhost:3000/_next/static/webpack/app/(app)/discover/page.ef756d10c30663f2.hot-update.js → pending (?ms, ?B)
[2026-03-24T11:47:36.556Z] GET http://localhost:3000/_next/static/webpack/webpack.ef756d10c30663f2.hot-update.js → pending (?ms, ?B)
[2026-03-24T11:47:36.753Z] GET http://localhost:3000/_next/static/css/app/layout.css?v=1774352856636 → 200 (7ms, 184175B)
[2026-03-24T11:47:36.838Z] GET https://dgzzf6k1ibya0.cloudfront.net/profile-pictures/tacsuom.jpg → 200 (4ms, 4587B)
[2026-03-24T11:47:36.838Z] GET https://dgzzf6k1ibya0.cloudfront.net/profile-pictures/physsocuom.jpg → 200 (5ms, 7583B)
[2026-03-24T11:47:36.838Z] GET https://dgzzf6k1ibya0.cloudfront.net/profile-pictures/makerspacemanchester_uom.jpg → 200 (124ms, 46978B)
[2026-03-24T11:47:36.838Z] GET https://dgzzf6k1ibya0.cloudfront.net/profile-pictures/arthistorysoc.uom.jpg → 200 (204ms, 8622B)
[2026-03-24T11:47:36.838Z] GET https://dgzzf6k1ibya0.cloudfront.net/profile-pictures/uomqueerfilmsoc.jpg → 200 (5ms, 2918B)
[2026-03-24T11:47:36.838Z] GET https://dgzzf6k1ibya0.cloudfront.net/profile-pictures/uom_charlitas.jpg → 200 (5ms, 2625B)
[2026-03-24T11:47:40.531Z] GET http://localhost:3000/discover?_rsc=8rfpm → 200 (126ms, ?B)
[2026-03-24T11:47:40.534Z] GET http://localhost:3000/_next/static/webpack/41ca1d5da621ac65.webpack.hot-update.json → 200 (20ms, 70B)
[2026-03-24T11:47:40.555Z] GET http://localhost:3000/_next/static/webpack/app/(app)/discover/page.41ca1d5da621ac65.hot-update.js → pending (?ms, ?B)
[2026-03-24T11:47:40.555Z] GET http://localhost:3000/_next/static/webpack/webpack.41ca1d5da621ac65.hot-update.js → pending (?ms, ?B)
[2026-03-24T11:47:40.706Z] GET http://localhost:3000/_next/static/css/app/layout.css?v=1774352860600 → 200 (11ms, 184175B)
[2026-03-24T11:47:40.848Z] GET https://dgzzf6k1ibya0.cloudfront.net/profile-pictures/uom_canoe.jpg → 200 (88ms, 6388B)
[2026-03-24T11:47:40.855Z] GET https://dgzzf6k1ibya0.cloudfront.net/profile-pictures/hieroglyphsuom.jpg → 200 (7ms, 8640B)
[2026-03-24T11:47:40.855Z] GET https://dgzzf6k1ibya0.cloudfront.net/profile-pictures/fieradanceuk.jpg → 200 (26ms, 5622B)
[2026-03-24T11:47:40.855Z] GET https://dgzzf6k1ibya0.cloudfront.net/profile-pictures/uom_lawstudygroup.jpg → 200 (8ms, 5135B)
[2026-03-24T11:47:40.856Z] GET https://dgzzf6k1ibya0.cloudfront.net/profile-pictures/uom_tcgsoc.jpg → 200 (101ms, 5490B)
[2026-03-24T11:47:40.856Z] GET https://dgzzf6k1ibya0.cloudfront.net/profile-pictures/uom_dinosoc.jpg → 200 (8ms, 7017B)
[2026-03-24T11:47:42.434Z] GET http://localhost:3000/discover?_rsc=8rfpm → pending (?ms, ?B)
[2026-03-24T11:47:42.436Z] GET http://localhost:3000/_next/static/webpack/48392d494855a8b9.webpack.hot-update.json → 200 (9ms, 44B)
[2026-03-24T11:47:42.448Z] GET http://localhost:3000/_next/static/webpack/webpack.48392d494855a8b9.hot-update.js → pending (?ms, ?B)
[2026-03-24T11:47:42.788Z] GET http://localhost:3000/_next/static/css/app/layout.css?v=1774352862542 → 200 (1ms, 184175B)
[2026-03-24T11:47:42.985Z] GET https://dgzzf6k1ibya0.cloudfront.net/profile-pictures/uom_mec.jpg → 200 (9ms, 4556B)
[2026-03-24T11:47:42.985Z] GET https://dgzzf6k1ibya0.cloudfront.net/profile-pictures/uomdramasoc.jpg → 200 (10ms, 4788B)
[2026-03-24T11:47:42.985Z] GET https://dgzzf6k1ibya0.cloudfront.net/profile-pictures/uompublichealthsoc.jpg → 200 (153ms, 6546B)
[2026-03-24T11:47:42.986Z] GET https://dgzzf6k1ibya0.cloudfront.net/profile-pictures/UoMBOOKCLUBSOCIETY.jpg → 200 (9ms, 46580B)
[2026-03-24T11:47:42.993Z] GET https://dgzzf6k1ibya0.cloudfront.net/profile-pictures/uom_fwl.jpg → 200 (3ms, 4161B)
[2026-03-24T11:47:43.796Z] GET http://localhost:3000/_next/static/webpack/fe14354f26a479c1.webpack.hot-update.json → 200 (14ms, 44B)
[2026-03-24T11:47:43.815Z] GET http://localhost:3000/_next/static/webpack/webpack.fe14354f26a479c1.hot-update.js → 200 (5ms, 1157B)
[2026-03-24T11:47:44.274Z] GET http://localhost:3000/discover?_rsc=8rfpm → 200 (208ms, 193281B)
[2026-03-24T11:47:44.277Z] GET http://localhost:3000/_next/static/webpack/93eeb5177eb63906.webpack.hot-update.json → 200 (11ms, 70B)
[2026-03-24T11:47:44.290Z] GET http://localhost:3000/_next/static/webpack/app/(app)/discover/page.93eeb5177eb63906.hot-update.js → 200 (263ms, 18128B)
[2026-03-24T11:47:44.290Z] GET http://localhost:3000/_next/static/webpack/webpack.93eeb5177eb63906.hot-update.js → 200 (263ms, 1157B)
[2026-03-24T11:47:44.538Z] GET http://localhost:3000/_next/static/css/app/layout.css?v=1774352864368 → 200 (14ms, 184175B)
[2026-03-24T11:47:44.713Z] GET https://dgzzf6k1ibya0.cloudfront.net/profile-pictures/hyperloopmanchester.jpg → 200 (6ms, 3204B)
[2026-03-24T11:47:44.713Z] GET https://dgzzf6k1ibya0.cloudfront.net/profile-pictures/uompharmed.jpg → 200 (7ms, 4332B)
[2026-03-24T11:47:44.713Z] GET https://dgzzf6k1ibya0.cloudfront.net/profile-pictures/uomplasticsurgery.jpg → 200 (13ms, 3818B)
[2026-03-24T11:47:44.713Z] GET https://dgzzf6k1ibya0.cloudfront.net/profile-pictures/UOMPHARMED.jpg → 200 (108ms, 85215B)
[2026-03-24T11:47:44.713Z] GET https://dgzzf6k1ibya0.cloudfront.net/profile-pictures/uom_robosoc.jpg → 200 (14ms, 15994B)
[2026-03-24T11:47:44.718Z] GET https://dgzzf6k1ibya0.cloudfront.net/profile-pictures/ARTHISTORYSOC.UOM.jpg → 200 (9ms, 223269B)
[2026-03-24T11:47:47.533Z] GET http://localhost:3000/discover?_rsc=8rfpm → pending (?ms, ?B)
[2026-03-24T11:47:47.534Z] GET http://localhost:3000/_next/static/webpack/e784b16d58285290.webpack.hot-update.json → 200 (28ms, 70B)
[2026-03-24T11:47:47.563Z] GET http://localhost:3000/_next/static/webpack/app/(app)/discover/page.e784b16d58285290.hot-update.js → pending (?ms, ?B)
[2026-03-24T11:47:47.563Z] GET http://localhost:3000/_next/static/webpack/webpack.e784b16d58285290.hot-update.js → pending (?ms, ?B)
[2026-03-24T11:47:47.810Z] GET http://localhost:3000/_next/static/css/app/layout.css?v=1774352867638 → 200 (186ms, 184175B)
[2026-03-24T11:47:48.067Z] GET http://localhost:3000/discover?_rsc=8rfpm → 200 (78ms, 193279B)
[2026-03-24T11:47:48.082Z] GET http://localhost:3000/_next/static/webpack/5bd37649374e3921.webpack.hot-update.json → 200 (116ms, 44B)
[2026-03-24T11:47:48.197Z] GET http://localhost:3000/_next/static/css/app/layout.css?v=1774352868082 → 200 (13ms, 184175B)
[2026-03-24T11:47:48.234Z] GET http://localhost:3000/_next/static/webpack/webpack.5bd37649374e3921.hot-update.js → 200 (31ms, 1157B)
[2026-03-24T11:47:48.596Z] GET https://dgzzf6k1ibya0.cloudfront.net/profile-pictures/tacsuom.jpg → 200 (6ms, 4587B)
[2026-03-24T11:47:48.596Z] GET https://dgzzf6k1ibya0.cloudfront.net/profile-pictures/Manchesteroutreachmedics.jpg → 200 (7ms, 56139B)
[2026-03-24T11:47:48.596Z] GET https://dgzzf6k1ibya0.cloudfront.net/profile-pictures/uomcommutersoc.jpg → 200 (8ms, 8141B)
[2026-03-24T11:47:48.596Z] GET https://dgzzf6k1ibya0.cloudfront.net/profile-pictures/sobss_uom.jpg → 200 (8ms, 5025B)
[2026-03-24T11:47:48.601Z] GET https://dgzzf6k1ibya0.cloudfront.net/profile-pictures/uomarchery.jpg → 200 (4ms, 8567B)
[2026-03-24T11:47:48.601Z] GET https://dgzzf6k1ibya0.cloudfront.net/profile-pictures/uomatcha.jpg → 200 (5ms, 2854B)
[2026-03-24T11:47:52.410Z] GET http://localhost:3000/discover?_rsc=8rfpm → 200 (53ms, 193162B)
[2026-03-24T11:47:52.411Z] GET http://localhost:3000/_next/static/webpack/b55b54b19ebbb0d8.webpack.hot-update.json → 200 (14ms, 44B)
[2026-03-24T11:47:52.426Z] GET http://localhost:3000/_next/static/webpack/webpack.b55b54b19ebbb0d8.hot-update.js → 200 (99ms, 1157B)
[2026-03-24T11:47:52.524Z] GET http://localhost:3000/_next/static/css/app/layout.css?v=1774352872426 → 200 (11ms, 184175B)
[2026-03-24T11:47:52.617Z] GET https://dgzzf6k1ibya0.cloudfront.net/profile-pictures/uom_sheconomics.jpg → pending (?ms, ?B)
[2026-03-24T11:47:52.617Z] GET https://dgzzf6k1ibya0.cloudfront.net/profile-pictures/uombookclubsociety.jpg → 200 (11ms, 3781B)
[2026-03-24T11:47:52.617Z] GET https://dgzzf6k1ibya0.cloudfront.net/profile-pictures/uomcahaesociety.jpg → 200 (11ms, 7654B)
[2026-03-24T11:47:53.203Z] GET http://localhost:3000/discover?_rsc=8rfpm → 200 (60ms, ?B)
[2026-03-24T11:47:53.204Z] GET http://localhost:3000/_next/static/webpack/098d566d6317de28.webpack.hot-update.json → 200 (9ms, 44B)
[2026-03-24T11:47:53.215Z] GET http://localhost:3000/_next/static/webpack/webpack.098d566d6317de28.hot-update.js → 200 (121ms, 1157B)
[2026-03-24T11:47:53.328Z] GET http://localhost:3000/_next/static/css/app/layout.css?v=1774352873222 → 200 (21ms, 184175B)
[2026-03-24T11:47:53.437Z] GET https://dgzzf6k1ibya0.cloudfront.net/profile-pictures/uomdiversifypolitics.jpg → 200 (10ms, 6610B)
[2026-03-24T11:47:53.437Z] GET https://dgzzf6k1ibya0.cloudfront.net/profile-pictures/uomgujaratisoc.jpg → 200 (11ms, 3403B)
[2026-03-24T11:47:53.437Z] GET https://dgzzf6k1ibya0.cloudfront.net/profile-pictures/UoMBOOKCLUBSOCIETY.jpg → 200 (12ms, 46580B)
[2026-03-24T11:47:53.438Z] GET https://dgzzf6k1ibya0.cloudfront.net/profile-pictures/mcr.swss.jpg → 200 (12ms, 6686B)
[2026-03-24T11:47:53.438Z] GET https://dgzzf6k1ibya0.cloudfront.net/profile-pictures/mmuisoc.jpg → 200 (12ms, 2503B)
[2026-03-24T11:47:53.599Z] GET http://localhost:3000/discover?_rsc=8rfpm → 200 (30ms, ?B)
[2026-03-24T11:47:53.599Z] GET http://localhost:3000/_next/static/webpack/cab3de9f12f43e47.webpack.hot-update.json → 200 (8ms, 44B)
[2026-03-24T11:47:53.607Z] GET http://localhost:3000/_next/static/webpack/webpack.cab3de9f12f43e47.hot-update.js → 200 (66ms, 1157B)
[2026-03-24T11:47:53.667Z] GET http://localhost:3000/_next/static/css/app/layout.css?v=1774352873610 → 200 (13ms, ?B)
[2026-03-24T11:47:53.753Z] GET https://dgzzf6k1ibya0.cloudfront.net/profile-pictures/uomcoffeesociety.jpg → 200 (112ms, 3210B)
[2026-03-24T11:47:53.753Z] GET https://dgzzf6k1ibya0.cloudfront.net/profile-pictures/mcr.bgs.jpg → 200 (177ms, 5579B)
[2026-03-24T11:47:53.753Z] GET https://dgzzf6k1ibya0.cloudfront.net/profile-pictures/uom_tcgsoc.jpg → 200 (8ms, 5490B)
[2026-03-24T11:47:53.761Z] GET https://dgzzf6k1ibya0.cloudfront.net/profile-pictures/uompoleandaerialsociety.jpg → 200 (1ms, 5763B)
[2026-03-24T11:47:53.761Z] GET https://dgzzf6k1ibya0.cloudfront.net/profile-pictures/UOMPHARMED.jpg → 200 (21ms, 85215B)
[2026-03-24T11:47:53.761Z] GET https://dgzzf6k1ibya0.cloudfront.net/profile-pictures/uom_robosoc.jpg → 200 (2ms, 15994B)
[2026-03-24T11:47:54.530Z] GET http://localhost:3000/discover?_rsc=8rfpm → 200 (28ms, 193140B)
[2026-03-24T11:47:54.530Z] GET http://localhost:3000/_next/static/webpack/84a102a99d8ea58e.webpack.hot-update.json → 200 (6ms, 44B)
[2026-03-24T11:47:54.538Z] GET http://localhost:3000/_next/static/webpack/webpack.84a102a99d8ea58e.hot-update.js → 200 (68ms, 1157B)
[2026-03-24T11:47:54.602Z] GET http://localhost:3000/_next/static/css/app/layout.css?v=1774352874539 → 200 (15ms, 184175B)
[2026-03-24T11:47:54.688Z] GET https://dgzzf6k1ibya0.cloudfront.net/profile-pictures/uom_dinosoc.jpg → 200 (4ms, ?B)
[2026-03-24T11:47:54.688Z] GET https://dgzzf6k1ibya0.cloudfront.net/profile-pictures/McrYoungGreens.jpg → 200 (4ms, ?B)
[2026-03-24T11:47:54.688Z] GET https://dgzzf6k1ibya0.cloudfront.net/profile-pictures/uomgaming.jpg → pending (?ms, ?B)
[2026-03-24T11:47:54.688Z] GET https://dgzzf6k1ibya0.cloudfront.net/profile-pictures/eurosocmcr.jpg → pending (?ms, ?B)
[2026-03-24T11:47:55.327Z] GET http://localhost:3000/discover?_rsc=8rfpm → 200 (49ms, ?B)
[2026-03-24T11:47:55.328Z] GET http://localhost:3000/_next/static/webpack/2a7ce42c8d304c0c.webpack.hot-update.json → 200 (11ms, 44B)
[2026-03-24T11:47:55.349Z] GET http://localhost:3000/_next/static/webpack/webpack.2a7ce42c8d304c0c.hot-update.js → 200 (97ms, 1157B)
[2026-03-24T11:47:55.430Z] GET http://localhost:3000/_next/static/css/app/layout.css?v=1774352875346 → 200 (38ms, 184175B)
[2026-03-24T11:47:55.638Z] GET http://localhost:3000/discover?_rsc=8rfpm → 200 (45ms, ?B)
[2026-03-24T11:47:55.639Z] GET http://localhost:3000/_next/static/webpack/8c235012ce8cb9f6.webpack.hot-update.json → 200 (13ms, 44B)
[2026-03-24T11:47:55.653Z] GET http://localhost:3000/_next/static/webpack/webpack.8c235012ce8cb9f6.hot-update.js → pending (?ms, ?B)
[2026-03-24T11:47:55.756Z] GET http://localhost:3000/_next/static/css/app/layout.css?v=1774352875658 → 200 (19ms, 184175B)
[2026-03-24T11:47:55.830Z] GET https://dgzzf6k1ibya0.cloudfront.net/profile-pictures/uom.darts.jpg → 200 (8ms, 97543B)
[2026-03-24T11:47:55.831Z] GET https://dgzzf6k1ibya0.cloudfront.net/profile-pictures/idsuom.jpg → 200 (8ms, 24453B)
[2026-03-24T11:47:55.838Z] GET https://dgzzf6k1ibya0.cloudfront.net/profile-pictures/unicsmcr.jpg → 200 (3ms, 5204B)
[2026-03-24T11:47:55.838Z] GET https://dgzzf6k1ibya0.cloudfront.net/profile-pictures/uom_rocksoc.jpg → 200 (4ms, 8641B)
[2026-03-24T11:47:59.682Z] GET http://localhost:3000/discover?_rsc=8rfpm → pending (?ms, ?B)
[2026-03-24T11:47:59.728Z] GET http://localhost:3000/_next/static/webpack/c2e68ffbe1e22b38.webpack.hot-update.json → 200 (145ms, 70B)
[2026-03-24T11:47:59.872Z] GET http://localhost:3000/_next/static/css/app/layout.css?v=1774352879745 → 200 (10ms, 184175B)
[2026-03-24T11:47:59.881Z] GET http://localhost:3000/_next/static/webpack/app/(app)/discover/page.c2e68ffbe1e22b38.hot-update.js → 200 (21ms, 74198B)
[2026-03-24T11:47:59.882Z] GET http://localhost:3000/_next/static/webpack/webpack.c2e68ffbe1e22b38.hot-update.js → 200 (19ms, 1157B)
[2026-03-24T11:48:00.011Z] GET https://dgzzf6k1ibya0.cloudfront.net/profile-pictures/uomdramasoc.jpg → 200 (9ms, 4788B)
[2026-03-24T11:48:00.011Z] GET https://dgzzf6k1ibya0.cloudfront.net/profile-pictures/physsocuom.jpg → 200 (10ms, 7583B)
[2026-03-24T11:48:00.011Z] GET https://dgzzf6k1ibya0.cloudfront.net/profile-pictures/uomtennisclub.jpg → 200 (98ms, 7049B)
[2026-03-24T11:48:00.019Z] GET https://dgzzf6k1ibya0.cloudfront.net/profile-pictures/indiansocmcr.jpg → 200 (14ms, 4547B)
[2026-03-24T11:48:01.026Z] GET http://localhost:3000/discover?_rsc=8rfpm → 200 (48ms, ?B)
[2026-03-24T11:48:01.028Z] GET http://localhost:3000/_next/static/webpack/767fa688ac15639d.webpack.hot-update.json → 200 (114ms, 44B)
[2026-03-24T11:48:01.139Z] GET http://localhost:3000/_next/static/css/app/layout.css?v=1774352881033 → 200 (58ms, 184175B)
[2026-03-24T11:48:01.198Z] GET http://localhost:3000/_next/static/webpack/webpack.767fa688ac15639d.hot-update.js → 200 (168ms, 1157B)
[2026-03-24T11:48:01.472Z] GET http://localhost:3000/discover?_rsc=8rfpm → 200 (32ms, 193233B)
[2026-03-24T11:48:01.473Z] GET http://localhost:3000/_next/static/webpack/13859819b1708e14.webpack.hot-update.json → 200 (6ms, 44B)
[2026-03-24T11:48:01.480Z] GET http://localhost:3000/_next/static/webpack/webpack.13859819b1708e14.hot-update.js → 200 (78ms, 1157B)
[2026-03-24T11:48:01.543Z] GET http://localhost:3000/_next/static/css/app/layout.css?v=1774352881482 → 200 (20ms, 184175B)
[2026-03-24T11:48:01.675Z] GET https://dgzzf6k1ibya0.cloudfront.net/profile-pictures/uomwfc.jpg → 200 (6ms, 5133B)
[2026-03-24T11:48:01.680Z] GET https://dgzzf6k1ibya0.cloudfront.net/profile-pictures/ids_uom.jpg → 200 (8ms, 4636B)
[2026-03-24T11:48:01.680Z] GET https://dgzzf6k1ibya0.cloudfront.net/profile-pictures/uom_amms.jpg → 200 (8ms, 7641B)
[2026-03-24T11:48:01.680Z] GET https://dgzzf6k1ibya0.cloudfront.net/profile-pictures/makerspacemanchester_uom.jpg → 200 (9ms, 46978B)
[2026-03-24T11:48:01.687Z] GET https://dgzzf6k1ibya0.cloudfront.net/profile-pictures/uomcommutersoc.jpg → 200 (2ms, 8141B)
[2026-03-24T11:48:01.995Z] GET http://localhost:3000/discover?_rsc=8rfpm → 200 (34ms, 193328B)
[2026-03-24T11:48:01.999Z] GET http://localhost:3000/_next/static/webpack/302fd640797c8152.webpack.hot-update.json → 200 (79ms, 44B)
[2026-03-24T11:48:02.078Z] GET http://localhost:3000/_next/static/css/app/layout.css?v=1774352881999 → 200 (23ms, 184175B)
[2026-03-24T11:48:02.089Z] GET http://localhost:3000/_next/static/webpack/webpack.302fd640797c8152.hot-update.js → 200 (15ms, 1157B)
[2026-03-24T11:48:02.230Z] GET https://dgzzf6k1ibya0.cloudfront.net/profile-pictures/uomgermansoc.jpg → 200 (8ms, 6756B)
[2026-03-24T11:48:02.230Z] GET https://dgzzf6k1ibya0.cloudfront.net/profile-pictures/uom_seasociety.jpg → 200 (40ms, 7093B)
[2026-03-24T11:48:02.230Z] GET https://dgzzf6k1ibya0.cloudfront.net/profile-pictures/uomplasticsurgery.jpg → 200 (9ms, 3818B)
[2026-03-24T11:48:02.237Z] GET https://dgzzf6k1ibya0.cloudfront.net/profile-pictures/sobss_uom.jpg → 200 (4ms, 5025B)
[2026-03-24T11:48:03.085Z] GET http://localhost:3000/discover?_rsc=8rfpm → 200 (32ms, ?B)
[2026-03-24T11:48:03.088Z] GET http://localhost:3000/_next/static/webpack/d9da47bb7545175d.webpack.hot-update.json → 200 (81ms, 44B)
[2026-03-24T11:48:03.171Z] GET http://localhost:3000/_next/static/css/app/layout.css?v=1774352883094 → 200 (9ms, 184175B)
[2026-03-24T11:48:03.174Z] GET http://localhost:3000/_next/static/webpack/webpack.d9da47bb7545175d.hot-update.js → 200 (15ms, 1157B)
[2026-03-24T11:48:03.258Z] GET https://dgzzf6k1ibya0.cloudfront.net/profile-pictures/tacsuom.jpg → 200 (2ms, 4587B)
[2026-03-24T11:48:03.258Z] GET https://dgzzf6k1ibya0.cloudfront.net/profile-pictures/Imsuom.jpg → 200 (4ms, 5905B)
[2026-03-24T11:48:03.258Z] GET https://dgzzf6k1ibya0.cloudfront.net/profile-pictures/McrYoungGreens.jpg → 200 (4ms, 5340B)
[2026-03-24T11:48:03.258Z] GET https://dgzzf6k1ibya0.cloudfront.net/profile-pictures/manchesterhindusociety.jpg → 200 (5ms, 100587B)
[2026-03-24T11:48:03.259Z] GET https://dgzzf6k1ibya0.cloudfront.net/profile-pictures/uomdiversifypolitics.jpg → 200 (8ms, 6610B)
[2026-03-24T11:48:05.294Z] GET http://localhost:3000/discover?_rsc=8rfpm → 200 (256ms, ?B)
[2026-03-24T11:48:05.294Z] GET http://localhost:3000/_next/static/webpack/de22f18c0bbdb390.webpack.hot-update.json → 200 (55ms, 70B)
[2026-03-24T11:48:05.364Z] GET http://localhost:3000/_next/static/webpack/app/(app)/discover/page.de22f18c0bbdb390.hot-update.js → 200 (284ms, ?B)
[2026-03-24T11:48:05.364Z] GET http://localhost:3000/_next/static/webpack/webpack.de22f18c0bbdb390.hot-update.js → 200 (279ms, 1157B)
[2026-03-24T11:48:05.638Z] GET http://localhost:3000/_next/static/css/app/layout.css?v=1774352885424 → 200 (2ms, 184175B)
[2026-03-24T11:48:05.911Z] GET https://dgzzf6k1ibya0.cloudfront.net/profile-pictures/uomwfc.jpg → 200 (6ms, 5133B)
[2026-03-24T11:48:05.911Z] GET https://dgzzf6k1ibya0.cloudfront.net/profile-pictures/uomatcha.jpg → 200 (7ms, 2854B)
[2026-03-24T11:48:05.911Z] GET https://dgzzf6k1ibya0.cloudfront.net/profile-pictures/mors.uom.jpg → 200 (7ms, 4994B)
[2026-03-24T11:48:05.912Z] GET https://dgzzf6k1ibya0.cloudfront.net/profile-pictures/fieradanceuk.jpg → 200 (28ms, 5622B)
[2026-03-24T11:48:05.912Z] GET https://dgzzf6k1ibya0.cloudfront.net/profile-pictures/Manchesteroutreachmedics.jpg → 200 (7ms, 56139B)
[2026-03-24T11:48:19.710Z] GET http://localhost:3000/discover?_rsc=8rfpm → pending (?ms, ?B)
[2026-03-24T11:48:19.712Z] GET http://localhost:3000/_next/static/webpack/11b5d99647a4d948.webpack.hot-update.json → 200 (9ms, 44B)
[2026-03-24T11:48:19.726Z] GET http://localhost:3000/_next/static/webpack/webpack.11b5d99647a4d948.hot-update.js → 200 (71ms, 1157B)
[2026-03-24T11:48:19.792Z] GET http://localhost:3000/_next/static/css/app/layout.css?v=1774352899725 → 200 (14ms, 184175B)
[2026-03-24T11:48:19.869Z] GET https://dgzzf6k1ibya0.cloudfront.net/profile-pictures/uom_surf.jpg → 200 (8ms, 5844B)
[2026-03-24T11:48:19.869Z] GET https://dgzzf6k1ibya0.cloudfront.net/profile-pictures/uom_robosoc.jpg → 200 (8ms, 15994B)
[2026-03-24T11:48:19.882Z] GET https://dgzzf6k1ibya0.cloudfront.net/profile-pictures/uom_trampoline.jpg → 200 (11ms, 2952B)
[2026-03-24T11:48:19.882Z] GET https://dgzzf6k1ibya0.cloudfront.net/profile-pictures/manchestersikhsociety.jpg → 200 (12ms, 9386B)
[2026-03-24T11:48:19.882Z] GET https://dgzzf6k1ibya0.cloudfront.net/profile-pictures/uom_lawstudygroup.jpg → 200 (12ms, 5135B)
[2026-03-24T11:48:19.882Z] GET https://dgzzf6k1ibya0.cloudfront.net/profile-pictures/uommotorsports.jpg → 200 (12ms, 7519B)
[2026-03-24T11:48:24.223Z] GET http://localhost:3000/discover?_rsc=8rfpm → 200 (41ms, ?B)
[2026-03-24T11:48:24.224Z] GET http://localhost:3000/_next/static/webpack/38022cbc8515705c.webpack.hot-update.json → 200 (16ms, 44B)
[2026-03-24T11:48:24.240Z] GET http://localhost:3000/_next/static/webpack/webpack.38022cbc8515705c.hot-update.js → 200 (67ms, 1157B)
[2026-03-24T11:48:24.305Z] GET http://localhost:3000/_next/static/css/app/layout.css?v=1774352904240 → 200 (10ms, 184175B)
[2026-03-24T11:48:24.391Z] GET https://dgzzf6k1ibya0.cloudfront.net/profile-pictures/uom.abacus.jpg → 200 (132ms, 107976B)
[2026-03-24T11:48:24.391Z] GET https://dgzzf6k1ibya0.cloudfront.net/profile-pictures/uomgaming.jpg → 200 (8ms, 4881B)
[2026-03-24T11:48:24.392Z] GET https://dgzzf6k1ibya0.cloudfront.net/profile-pictures/manchesteraiclub.jpg → 200 (60ms, 2798B)
[2026-03-24T11:48:25.085Z] GET http://localhost:3000/discover?_rsc=8rfpm → 200 (309ms, 193315B)
[2026-03-24T11:48:25.085Z] GET http://localhost:3000/_next/static/webpack/726646485b27c865.webpack.hot-update.json → 200 (15ms, 70B)
[2026-03-24T11:48:25.101Z] GET http://localhost:3000/_next/static/webpack/app/(app)/discover/page.726646485b27c865.hot-update.js → 200 (404ms, 18114B)
[2026-03-24T11:48:25.101Z] GET http://localhost:3000/_next/static/webpack/webpack.726646485b27c865.hot-update.js → 200 (403ms, 1157B)
[2026-03-24T11:48:25.490Z] GET http://localhost:3000/_next/static/css/app/layout.css?v=1774352905206 → 200 (21ms, 184238B)
[2026-03-24T11:48:25.641Z] GET https://dgzzf6k1ibya0.cloudfront.net/profile-pictures/uom_charlitas.jpg → 200 (3ms, 2625B)
[2026-03-24T11:48:25.641Z] GET https://dgzzf6k1ibya0.cloudfront.net/profile-pictures/manchesteroutreachmedics.jpg → 200 (20ms, 6921B)
[2026-03-24T11:48:25.641Z] GET https://dgzzf6k1ibya0.cloudfront.net/profile-pictures/hieroglyphsuom.jpg → 200 (4ms, 8640B)
[2026-03-24T11:48:25.641Z] GET https://dgzzf6k1ibya0.cloudfront.net/profile-pictures/uom_dinosoc.jpg → 200 (5ms, 7017B)
[2026-03-24T11:48:25.641Z] GET https://dgzzf6k1ibya0.cloudfront.net/profile-pictures/mcryounggreens.jpg → pending (?ms, ?B)
[2026-03-24T11:48:25.641Z] GET https://dgzzf6k1ibya0.cloudfront.net/profile-pictures/uom_tcgsoc.jpg → 200 (6ms, 5490B)
[2026-03-24T11:48:35.829Z] GET http://localhost:3000/discover?_rsc=8rfpm → 200 (424ms, 193534B)
[2026-03-24T11:48:35.840Z] GET http://localhost:3000/_next/static/webpack/68c196e123998848.webpack.hot-update.json → 200 (378ms, 44B)
[2026-03-24T11:48:36.358Z] GET http://localhost:3000/_next/static/css/app/layout.css?v=1774352915906 → 200 (70ms, 184238B)
[2026-03-24T11:48:36.360Z] GET http://localhost:3000/_next/static/webpack/webpack.68c196e123998848.hot-update.js → 200 (76ms, 1157B)
[2026-03-24T11:48:36.635Z] GET https://dgzzf6k1ibya0.cloudfront.net/profile-pictures/sobss_uom.jpg → pending (?ms, ?B)
[2026-03-24T11:48:36.645Z] GET https://dgzzf6k1ibya0.cloudfront.net/profile-pictures/manchesterfop.jpg → pending (?ms, ?B)
[2026-03-24T11:48:36.654Z] GET https://dgzzf6k1ibya0.cloudfront.net/profile-pictures/uomdiversifypolitics.jpg → pending (?ms, ?B)
[2026-03-24T11:48:36.654Z] GET https://dgzzf6k1ibya0.cloudfront.net/profile-pictures/makerspacemanchester_uom.jpg → pending (?ms, ?B)
[2026-03-24T11:48:36.654Z] GET https://dgzzf6k1ibya0.cloudfront.net/profile-pictures/arthistorysoc.uom.jpg → pending (?ms, ?B)
[2026-03-24T11:48:58.810Z] GET http://localhost:3000/discover?_rsc=8rfpm → pending (?ms, ?B)
[2026-03-24T11:49:03.500Z] GET http://localhost:3000/_next/static/webpack/2e8dd2825f9d94d2.webpack.hot-update.json → pending (?ms, ?B)
[2026-03-24T11:49:07.438Z] GET http://localhost:3000/_next/static/css/app/layout.css?v=1774352938886 → 200 (224ms, 184238B)
[2026-03-24T11:49:07.534Z] GET http://localhost:3000/_next/static/webpack/webpack.2e8dd2825f9d94d2.hot-update.js → 200 (138ms, 1157B)
[2026-03-24T11:49:07.832Z] GET http://localhost:3000/discover?_rsc=8rfpm → 200 (47ms, ?B)
[2026-03-24T11:49:07.834Z] GET http://localhost:3000/_next/static/webpack/089cda3a71d8fa06.webpack.hot-update.json → 200 (19ms, 65B)
[2026-03-24T11:49:07.853Z] GET http://localhost:3000/_next/static/webpack/webpack.089cda3a71d8fa06.hot-update.js → 200 (89ms, 1157B)
[2026-03-24T11:49:07.933Z] GET http://localhost:3000/_next/static/css/app/layout.css?v=1774352947852 → 200 (28ms, 184238B)
[2026-03-24T11:49:08.111Z] GET https://dgzzf6k1ibya0.cloudfront.net/profile-pictures/uomgolf.jpg → pending (?ms, ?B)
[2026-03-24T11:49:08.118Z] GET https://dgzzf6k1ibya0.cloudfront.net/profile-pictures/manchesterhindusociety.jpg → 200 (15ms, 100587B)
[2026-03-24T11:49:08.118Z] GET https://dgzzf6k1ibya0.cloudfront.net/profile-pictures/uomarchery.jpg → 200 (15ms, 8567B)
[2026-03-24T11:49:08.118Z] GET https://dgzzf6k1ibya0.cloudfront.net/profile-pictures/mmuisoc.jpg → 200 (15ms, 2503B)
[2026-03-24T11:49:08.118Z] GET https://dgzzf6k1ibya0.cloudfront.net/profile-pictures/uomplasticsurgery.jpg → 200 (20ms, 3818B)
[2026-03-24T11:49:16.020Z] GET http://localhost:3000/discover?_rsc=8rfpm → 200 (64ms, ?B)
[2026-03-24T11:49:16.022Z] GET http://localhost:3000/_next/static/webpack/2b995a2199e9479e.webpack.hot-update.json → 200 (14ms, 44B)
[2026-03-24T11:49:16.038Z] GET http://localhost:3000/_next/static/webpack/webpack.2b995a2199e9479e.hot-update.js → pending (?ms, ?B)
[2026-03-24T11:49:16.204Z] GET http://localhost:3000/_next/static/css/app/layout.css?v=1774352956063 → 200 (21ms, 184238B)
[2026-03-24T11:49:16.325Z] GET http://localhost:3000/discover?_rsc=8rfpm → 200 (41ms, 193385B)
[2026-03-24T11:49:16.342Z] GET http://localhost:3000/_next/static/webpack/27f23ad8e0c2c133.webpack.hot-update.json → 200 (87ms, 65B)
[2026-03-24T11:49:16.428Z] GET http://localhost:3000/_next/static/css/app/layout.css?v=1774352956333 → 200 (11ms, 184238B)
[2026-03-24T11:49:16.439Z] GET http://localhost:3000/_next/static/webpack/webpack.27f23ad8e0c2c133.hot-update.js → 200 (23ms, 1157B)
[2026-03-24T11:49:16.569Z] GET https://dgzzf6k1ibya0.cloudfront.net/profile-pictures/npps_uom.jpg → 200 (23ms, 7486B)
[2026-03-24T11:49:16.570Z] GET https://dgzzf6k1ibya0.cloudfront.net/profile-pictures/mcryounggreens.jpg → 200 (23ms, 5340B)
[2026-03-24T11:49:16.570Z] GET https://dgzzf6k1ibya0.cloudfront.net/profile-pictures/mors.uom.jpg → 200 (23ms, 4994B)
[2026-03-24T11:49:16.570Z] GET https://dgzzf6k1ibya0.cloudfront.net/profile-pictures/eurosocmcr.jpg → 200 (23ms, 8462B)
[2026-03-24T11:49:16.570Z] GET https://dgzzf6k1ibya0.cloudfront.net/profile-pictures/hieroglyphsuom.jpg → 200 (23ms, 8640B)
[2026-03-24T11:49:16.598Z] GET https://dgzzf6k1ibya0.cloudfront.net/profile-pictures/unicsmcr.jpg → 200 (4ms, 5204B)
[2026-03-24T11:49:20.924Z] GET http://localhost:3000/discover?_rsc=8rfpm → 200 (181ms, ?B)
[2026-03-24T11:49:20.925Z] GET http://localhost:3000/_next/static/webpack/421edd2f081c61fe.webpack.hot-update.json → 200 (46ms, 65B)
[2026-03-24T11:49:20.972Z] GET http://localhost:3000/_next/static/webpack/webpack.421edd2f081c61fe.hot-update.js → pending (?ms, ?B)
[2026-03-24T11:49:21.148Z] GET http://localhost:3000/_next/static/css/app/layout.css?v=1774352961026 → 200 (9ms, 184238B)
[2026-03-24T11:49:21.233Z] GET https://dgzzf6k1ibya0.cloudfront.net/profile-pictures/uom.abacus.jpg → 200 (6ms, 107976B)
[2026-03-24T11:49:21.238Z] GET https://dgzzf6k1ibya0.cloudfront.net/profile-pictures/uom_charlitas.jpg → 200 (32ms, 2625B)
[2026-03-24T11:49:21.238Z] GET https://dgzzf6k1ibya0.cloudfront.net/profile-pictures/manchesterisoc.jpg → 200 (157ms, 6733B)
[2026-03-24T11:49:21.238Z] GET https://dgzzf6k1ibya0.cloudfront.net/profile-pictures/uompharmed.jpg → 200 (33ms, 4332B)
[2026-03-24T11:49:21.238Z] GET https://dgzzf6k1ibya0.cloudfront.net/profile-pictures/uom_sheconomics.jpg → 200 (33ms, 3407B)
[2026-03-24T11:49:21.238Z] GET https://dgzzf6k1ibya0.cloudfront.net/profile-pictures/uommusicsociety.jpg → 200 (34ms, 6882B)
[2026-03-24T11:49:25.497Z] GET http://localhost:3000/discover?_rsc=8rfpm → 200 (117ms, ?B)
[2026-03-24T11:49:25.498Z] GET http://localhost:3000/_next/static/webpack/8a63fa427116487c.webpack.hot-update.json → 200 (7ms, 65B)
[2026-03-24T11:49:25.507Z] GET http://localhost:3000/_next/static/webpack/webpack.8a63fa427116487c.hot-update.js → 200 (160ms, 1157B)
[2026-03-24T11:49:25.660Z] GET http://localhost:3000/_next/static/css/app/layout.css?v=1774352965559 → 200 (8ms, 184238B)
[2026-03-24T11:49:25.706Z] GET https://dgzzf6k1ibya0.cloudfront.net/profile-pictures/uom_mec.jpg → 200 (8ms, 4556B)
[2026-03-24T11:49:25.714Z] GET https://dgzzf6k1ibya0.cloudfront.net/profile-pictures/uom_dinosoc.jpg → 200 (3ms, 7017B)
[2026-03-24T11:49:25.714Z] GET https://dgzzf6k1ibya0.cloudfront.net/profile-pictures/arthistorysoc.uom.jpg → 200 (3ms, 8622B)
[2026-03-24T11:49:25.714Z] GET https://dgzzf6k1ibya0.cloudfront.net/profile-pictures/uomdiversifypolitics.jpg → 200 (5ms, 6610B)
[2026-03-24T11:49:25.714Z] GET https://dgzzf6k1ibya0.cloudfront.net/profile-pictures/Manchesteroutreachmedics.jpg → 200 (14ms, 56139B)
[2026-03-24T11:49:25.714Z] GET https://dgzzf6k1ibya0.cloudfront.net/profile-pictures/uom_lawstudygroup.jpg → 200 (16ms, 5135B)
[2026-03-24T11:54:49.645Z] GET http://localhost:3000/discover?_rsc=8rfpm → 200 (198ms, ?B)
[2026-03-24T11:54:49.647Z] GET http://localhost:3000/_next/static/webpack/4458778ec8b1cff1.webpack.hot-update.json → 200 (19ms, 322B)
[2026-03-24T11:54:49.669Z] GET http://localhost:3000/_next/static/webpack/app/(app)/layout.4458778ec8b1cff1.hot-update.js → 200 (236ms, 56459B)
[2026-03-24T11:54:49.669Z] GET http://localhost:3000/_next/static/webpack/app/(app)/discover/page.4458778ec8b1cff1.hot-update.js → 200 (248ms, 148609B)
[2026-03-24T11:54:49.669Z] GET http://localhost:3000/_next/static/webpack/webpack.4458778ec8b1cff1.hot-update.js → 200 (237ms, 1157B)
[2026-03-24T11:54:49.897Z] GET http://localhost:3000/_next/static/css/app/layout.css?v=1774353289760 → 200 (11ms, 183642B)
[2026-03-24T11:54:50.021Z] GET https://dgzzf6k1ibya0.cloudfront.net/profile-pictures/fomsfmanchester.jpg → 200 (5ms, 4248B)
[2026-03-24T11:54:50.021Z] GET https://dgzzf6k1ibya0.cloudfront.net/profile-pictures/hyperloopmanchester.jpg → 200 (6ms, 3204B)
[2026-03-24T11:54:50.021Z] GET https://dgzzf6k1ibya0.cloudfront.net/profile-pictures/uommusicsociety.jpg → 200 (6ms, 6882B)
[2026-03-24T11:54:50.021Z] GET https://dgzzf6k1ibya0.cloudfront.net/profile-pictures/makerspacemanchester_uom.jpg → 200 (7ms, 46978B)
[2026-03-24T11:54:50.022Z] GET https://dgzzf6k1ibya0.cloudfront.net/profile-pictures/physsocuom.jpg → 200 (6ms, 7583B)
[2026-03-24T11:54:50.022Z] GET https://dgzzf6k1ibya0.cloudfront.net/profile-pictures/uom.animesociety.jpg → 200 (6ms, 147111B)
[2026-03-24T11:56:03.051Z] GET http://localhost:3000/discover → pending (?ms, ?B)
